*** Begin deletion cycle. (Wed Aug 18 17:36:32 2010) ***
*** End deletion cycle. ***
*** Begin deletion cycle. (Wed Aug 18 17:50:56 2010) ***
*** End deletion cycle. ***
*** Begin deletion cycle. (Wed Aug 18 18:12:16 2010) ***
*** End deletion cycle. ***
*** Begin deletion cycle. (Wed Jan 29 15:30:24 2014) ***
*** End deletion cycle. ***
*** Begin deletion cycle. (Wed Mar 25 15:00:16 2020) ***
*** End deletion cycle. ***
*** Begin deletion cycle. (Thu Mar 26 11:13:04 2020) ***
*** End deletion cycle. ***
*** Begin deletion cycle. (Thu Mar 26 11:19:28 2020) ***
*** End deletion cycle. ***
*** Begin deletion cycle. (Thu Mar 26 11:20:32 2020) ***
*** End deletion cycle. ***
*** Begin deletion cycle. (Thu Mar 26 11:20:32 2020) ***
*** End deletion cycle. ***
*** Begin deletion cycle. (Thu Mar 26 11:28:00 2020) ***
*** End deletion cycle. ***
*** Begin deletion cycle. (Thu Mar 26 11:29:04 2020) ***
*** End deletion cycle. ***
*** Begin deletion cycle. (Thu Mar 26 11:29:04 2020) ***
*** End deletion cycle. ***
*** Begin deletion cycle. (Thu Mar 26 11:29:04 2020) ***
*** End deletion cycle. ***
*** Begin deletion cycle. (Thu Mar 26 11:29:04 2020) ***
*** End deletion cycle. ***
*** Begin deletion cycle. (Thu Mar 26 11:29:04 2020) ***
*** End deletion cycle. ***
*** Begin deletion cycle. (Thu Mar 26 11:33:20 2020) ***
*** End deletion cycle. ***
*** Begin deletion cycle. (Thu Mar 26 11:42:56 2020) ***
*** End deletion cycle. ***
*** Begin deletion cycle. (Thu Mar 26 11:46:08 2020) ***
*** End deletion cycle. ***
*** Begin deletion cycle. (Thu Mar 26 11:48:16 2020) ***
*** End deletion cycle. ***
*** Begin deletion cycle. (Thu Mar 26 11:50:24 2020) ***
*** End deletion cycle. ***
*** Begin deletion cycle. (Thu Mar 26 11:50:24 2020) ***
*** End deletion cycle. ***
*** Begin deletion cycle. (Thu Mar 26 11:56:48 2020) ***
*** End deletion cycle. ***
*** Begin deletion cycle. (Thu Mar 26 11:58:56 2020) ***
*** End deletion cycle. ***
*** Begin deletion cycle. (Thu Mar 26 12:52:16 2020) ***
*** End deletion cycle. ***
*** Begin deletion cycle. (Thu Mar 26 12:54:24 2020) ***
*** End deletion cycle. ***
*** Begin deletion cycle. (Thu Mar 26 12:54:24 2020) ***
*** End deletion cycle. ***
*** Begin deletion cycle. (Thu Mar 26 13:28:32 2020) ***
*** End deletion cycle. ***
*** Begin deletion cycle. (Thu Mar 26 13:28:32 2020) ***
*** End deletion cycle. ***
*** Begin deletion cycle. (Thu Mar 26 13:41:20 2020) ***
*** End deletion cycle. ***
*** Begin deletion cycle. (Thu Mar 26 13:45:36 2020) ***
*** End deletion cycle. ***
*** Begin deletion cycle. (Thu Mar 26 13:48:48 2020) ***
*** End deletion cycle. ***
*** Begin deletion cycle. (Thu Mar 26 14:25:04 2020) ***
*** End deletion cycle. ***
*** Begin deletion cycle. (Thu Mar 26 14:57:04 2020) ***
*** End deletion cycle. ***
*** Begin deletion cycle. (Thu Mar 26 15:00:16 2020) ***
*** End deletion cycle. ***
*** Begin deletion cycle. (Thu Mar 26 15:02:24 2020) ***
*** End deletion cycle. ***
*** Begin deletion cycle. (Thu Mar 26 15:09:52 2020) ***
*** End deletion cycle. ***
*** Begin deletion cycle. (Thu Mar 26 15:12:00 2020) ***
*** End deletion cycle. ***
*** Begin deletion cycle. (Thu Mar 26 15:15:12 2020) ***
*** End deletion cycle. ***
*** Begin deletion cycle. (Thu Mar 26 15:15:12 2020) ***
*** End deletion cycle. ***
*** Begin deletion cycle. (Thu Mar 26 15:15:12 2020) ***
*** End deletion cycle. ***
*** Begin deletion cycle. (Thu Mar 26 15:16:16 2020) ***
*** End deletion cycle. ***
*** Begin deletion cycle. (Thu Mar 26 15:31:12 2020) ***
*** End deletion cycle. ***
*** Begin deletion cycle. (Thu Mar 26 15:37:36 2020) ***
*** End deletion cycle. ***
*** Begin deletion cycle. (Thu Mar 26 15:38:40 2020) ***
*** End deletion cycle. ***
*** Begin deletion cycle. (Thu Mar 26 16:06:24 2020) ***
*** End deletion cycle. ***
*** Begin deletion cycle. (Thu Mar 26 16:06:24 2020) ***
*** End deletion cycle. ***
*** Begin deletion cycle. (Thu Mar 26 16:44:48 2020) ***
*** End deletion cycle. ***
*** Begin deletion cycle. (Thu Mar 26 16:49:04 2020) ***
*** End deletion cycle. ***
*** Begin deletion cycle. (Thu Mar 26 16:49:04 2020) ***
*** End deletion cycle. ***
*** Begin deletion cycle. (Thu Mar 26 16:50:08 2020) ***
*** End deletion cycle. ***
*** Begin deletion cycle. (Thu Mar 26 16:50:08 2020) ***
*** End deletion cycle. ***
*** Begin deletion cycle. (Thu Mar 26 16:54:24 2020) ***
*** End deletion cycle. ***
*** Begin deletion cycle. (Thu Mar 26 16:57:36 2020) ***
*** End deletion cycle. ***
*** Begin deletion cycle. (Thu Mar 26 17:43:28 2020) ***
*** End deletion cycle. ***
*** Begin deletion cycle. (Thu Mar 26 18:28:16 2020) ***
*** End deletion cycle. ***
*** Begin deletion cycle. (Thu Mar 26 19:14:08 2020) ***
*** End deletion cycle. ***
*** Begin deletion cycle. (Fri Mar 27 11:07:44 2020) ***
*** End deletion cycle. ***
*** Begin deletion cycle. (Fri Mar 27 11:36:32 2020) ***
*** End deletion cycle. ***
*** Begin deletion cycle. (Fri Mar 27 11:40:48 2020) ***
*** End deletion cycle. ***
*** Begin deletion cycle. (Fri Mar 27 13:17:52 2020) ***
*** End deletion cycle. ***
*** Begin deletion cycle. (Fri Mar 27 16:38:24 2020) ***
*** End deletion cycle. ***
*** Begin deletion cycle. (Sat Mar 28 14:10:08 2020) ***
*** End deletion cycle. ***
*** Begin deletion cycle. (Sat Mar 28 14:11:12 2020) ***
*** End deletion cycle. ***
*** Begin deletion cycle. (Sat Mar 28 14:12:16 2020) ***
*** End deletion cycle. ***
*** Begin deletion cycle. (Sat Mar 28 14:18:40 2020) ***
*** End deletion cycle. ***
*** Begin deletion cycle. (Sat Mar 28 14:19:44 2020) ***
*** End deletion cycle. ***
*** Begin deletion cycle. (Sat Mar 28 14:34:40 2020) ***
*** End deletion cycle. ***
*** Begin deletion cycle. (Sat Mar 28 14:35:44 2020) ***
*** End deletion cycle. ***
*** Begin deletion cycle. (Sat Mar 28 14:40:00 2020) ***
*** End deletion cycle. ***
*** Begin deletion cycle. (Sat Mar 28 14:41:04 2020) ***
*** End deletion cycle. ***
*** Begin deletion cycle. (Sat Mar 28 14:58:08 2020) ***
*** End deletion cycle. ***
*** Begin deletion cycle. (Sat Mar 28 15:00:16 2020) ***
*** End deletion cycle. ***
*** Begin deletion cycle. (Sat Mar 28 15:02:24 2020) ***
*** End deletion cycle. ***
*** Begin deletion cycle. (Sat Mar 28 15:04:32 2020) ***
*** End deletion cycle. ***
*** Begin deletion cycle. (Sat Mar 28 15:05:36 2020) ***
*** End deletion cycle. ***
*** Begin deletion cycle. (Sat Mar 28 15:07:44 2020) ***
*** End deletion cycle. ***
*** Begin deletion cycle. (Sat Mar 28 15:08:48 2020) ***
*** End deletion cycle. ***
*** Begin deletion cycle. (Sat Mar 28 15:22:40 2020) ***
*** End deletion cycle. ***
*** Begin deletion cycle. (Sat Mar 28 15:24:48 2020) ***
*** End deletion cycle. ***
*** Begin deletion cycle. (Sat Mar 28 16:32:00 2020) ***
*** End deletion cycle. ***
*** Begin deletion cycle. (Sat Mar 28 16:36:16 2020) ***
*** End deletion cycle. ***
*** Begin deletion cycle. (Sat Mar 28 16:36:16 2020) ***
*** End deletion cycle. ***
*** Begin deletion cycle. (Sat Mar 28 16:38:24 2020) ***
*** End deletion cycle. ***
*** Begin deletion cycle. (Sat Mar 28 16:39:28 2020) ***
*** End deletion cycle. ***
*** Begin deletion cycle. (Sat Mar 28 16:40:32 2020) ***
*** End deletion cycle. ***
*** Begin deletion cycle. (Sat Mar 28 16:41:36 2020) ***
*** End deletion cycle. ***
*** Begin deletion cycle. (Sat Mar 28 16:42:40 2020) ***
*** End deletion cycle. ***
*** Begin deletion cycle. (Sat Mar 28 16:44:48 2020) ***
*** End deletion cycle. ***
*** Begin deletion cycle. (Sat Mar 28 16:44:48 2020) ***
*** End deletion cycle. ***
*** Begin deletion cycle. (Sat Mar 28 16:52:16 2020) ***
*** End deletion cycle. ***
*** Begin deletion cycle. (Sat Mar 28 16:56:32 2020) ***
*** End deletion cycle. ***
*** Begin deletion cycle. (Sat Mar 28 16:57:36 2020) ***
*** End deletion cycle. ***
*** Begin deletion cycle. (Sat Mar 28 16:57:36 2020) ***
*** End deletion cycle. ***
*** Begin deletion cycle. (Sat Mar 28 16:58:40 2020) ***
*** End deletion cycle. ***
*** Begin deletion cycle. (Sat Mar 28 16:59:44 2020) ***
*** End deletion cycle. ***
*** Begin deletion cycle. (Sat Mar 28 17:10:24 2020) ***
*** End deletion cycle. ***
*** Begin deletion cycle. (Sat Mar 28 17:11:28 2020) ***
*** End deletion cycle. ***
*** Begin deletion cycle. (Sat Mar 28 17:14:40 2020) ***
*** End deletion cycle. ***
*** Begin deletion cycle. (Sat Mar 28 17:15:44 2020) ***
*** End deletion cycle. ***
*** Begin deletion cycle. (Sat Mar 28 17:21:04 2020) ***
*** End deletion cycle. ***
*** Begin deletion cycle. (Sat Mar 28 17:21:04 2020) ***
*** End deletion cycle. ***
*** Begin deletion cycle. (Sat Mar 28 17:37:04 2020) ***
*** End deletion cycle. ***
*** Begin deletion cycle. (Sat Mar 28 17:46:40 2020) ***
*** End deletion cycle. ***
*** Begin deletion cycle. (Sat Mar 28 17:47:44 2020) ***
*** End deletion cycle. ***
*** Begin deletion cycle. (Sat Mar 28 18:11:12 2020) ***
*** End deletion cycle. ***
*** Begin deletion cycle. (Sat Mar 28 18:11:12 2020) ***
*** End deletion cycle. ***
*** Begin deletion cycle. (Sat Mar 28 18:18:40 2020) ***
*** End deletion cycle. ***
*** Begin deletion cycle. (Sat Mar 28 18:18:40 2020) ***
*** End deletion cycle. ***
*** Begin deletion cycle. (Sat Mar 28 18:21:52 2020) ***
*** End deletion cycle. ***
*** Begin deletion cycle. (Sat Mar 28 18:22:56 2020) ***
*** End deletion cycle. ***
*** Begin deletion cycle. (Sat Mar 28 20:56:32 2020) ***
*** End deletion cycle. ***
*** Begin deletion cycle. (Sat Mar 28 20:58:40 2020) ***
*** End deletion cycle. ***
*** Begin deletion cycle. (Sat Mar 28 21:01:52 2020) ***
*** End deletion cycle. ***
*** Begin deletion cycle. (Sat Mar 28 21:05:04 2020) ***
*** End deletion cycle. ***
*** Begin deletion cycle. (Sat Mar 28 21:06:08 2020) ***
*** End deletion cycle. ***
*** Begin deletion cycle. (Sat Mar 28 21:09:20 2020) ***
*** End deletion cycle. ***
*** Begin deletion cycle. (Sat Mar 28 21:10:24 2020) ***
*** End deletion cycle. ***
*** Begin deletion cycle. (Sat Mar 28 21:42:24 2020) ***
*** End deletion cycle. ***
*** Begin deletion cycle. (Sat Mar 28 21:44:32 2020) ***
*** End deletion cycle. ***
*** Begin deletion cycle. (Sat Mar 28 21:54:08 2020) ***
*** End deletion cycle. ***
*** Begin deletion cycle. (Sat Mar 28 21:56:16 2020) ***
*** End deletion cycle. ***
*** Begin deletion cycle. (Sat Mar 28 21:56:16 2020) ***
*** End deletion cycle. ***
*** Begin deletion cycle. (Sat Mar 28 21:59:28 2020) ***
*** End deletion cycle. ***
*** Begin deletion cycle. (Sat Mar 28 22:01:36 2020) ***
*** End deletion cycle. ***
*** Begin deletion cycle. (Sat Mar 28 22:02:40 2020) ***
*** End deletion cycle. ***
*** Begin deletion cycle. (Sat Mar 28 22:03:44 2020) ***
*** End deletion cycle. ***
*** Begin deletion cycle. (Sat Mar 28 22:09:29 2020) ***
*** End deletion cycle. ***
*** Begin deletion cycle. (Sat Mar 28 22:12:54 2020) ***
*** End deletion cycle. ***
*** Begin deletion cycle. (Sat Mar 28 22:16:32 2020) ***
*** End deletion cycle. ***
*** Begin deletion cycle. (Sat Mar 28 22:16:19 2020) ***
*** End deletion cycle. ***
*** Begin deletion cycle. (Sat Mar 28 23:06:40 2020) ***
*** End deletion cycle. ***
*** Begin deletion cycle. (Sun Mar 29 00:04:16 2020) ***
*** End deletion cycle. ***
*** Begin deletion cycle. (Sun Mar 29 00:07:28 2020) ***
*** End deletion cycle. ***
*** Begin deletion cycle. (Sun Mar 29 00:08:32 2020) ***
*** End deletion cycle. ***
*** Begin deletion cycle. (Sun Mar 29 00:24:32 2020) ***
*** End deletion cycle. ***
*** Begin deletion cycle. (Sun Mar 29 00:27:44 2020) ***
*** End deletion cycle. ***
*** Begin deletion cycle. (Sun Mar 29 00:29:52 2020) ***
*** End deletion cycle. ***
*** Begin deletion cycle. (Sun Mar 29 00:38:24 2020) ***
*** End deletion cycle. ***
*** Begin deletion cycle. (Sun Mar 29 00:41:36 2020) ***
*** End deletion cycle. ***
*** Begin deletion cycle. (Sun Mar 29 00:44:48 2020) ***
*** End deletion cycle. ***
*** Begin deletion cycle. (Sun Mar 29 02:08:16 2020) ***
*** End deletion cycle. ***
*** Begin deletion cycle. (Sun Mar 29 02:11:28 2020) ***
*** End deletion cycle. ***
*** Begin deletion cycle. (Sun Mar 29 02:22:08 2020) ***
*** End deletion cycle. ***
*** Begin deletion cycle. (Sun Mar 29 02:24:16 2020) ***
*** End deletion cycle. ***
*** Begin deletion cycle. (Sun Mar 29 02:39:12 2020) ***
*** End deletion cycle. ***
*** Begin deletion cycle. (Sun Mar 29 02:40:16 2020) ***
*** End deletion cycle. ***
*** Begin deletion cycle. (Sun Mar 29 02:44:32 2020) ***
*** End deletion cycle. ***
*** Begin deletion cycle. (Sun Mar 29 02:45:36 2020) ***
*** End deletion cycle. ***
*** Begin deletion cycle. (Sun Mar 29 02:46:40 2020) ***
*** End deletion cycle. ***
*** Begin deletion cycle. (Sun Mar 29 02:46:40 2020) ***
*** End deletion cycle. ***
*** Begin deletion cycle. (Sun Mar 29 02:50:56 2020) ***
*** End deletion cycle. ***
*** Begin deletion cycle. (Sun Mar 29 02:52:00 2020) ***
*** End deletion cycle. ***
*** Begin deletion cycle. (Sun Mar 29 02:57:20 2020) ***
*** End deletion cycle. ***
*** Begin deletion cycle. (Sun Mar 29 03:00:32 2020) ***
*** End deletion cycle. ***
*** Begin deletion cycle. (Sun Mar 29 03:04:48 2020) ***
*** End deletion cycle. ***
*** Begin deletion cycle. (Sun Mar 29 03:05:52 2020) ***
*** End deletion cycle. ***
*** Begin deletion cycle. (Sun Mar 29 03:05:52 2020) ***
*** End deletion cycle. ***
*** Begin deletion cycle. (Sun Mar 29 03:08:00 2020) ***
*** End deletion cycle. ***
*** Begin deletion cycle. (Sun Mar 29 03:08:00 2020) ***
*** End deletion cycle. ***
*** Begin deletion cycle. (Sun Mar 29 03:10:08 2020) ***
*** End deletion cycle. ***
*** Begin deletion cycle. (Sun Mar 29 03:10:08 2020) ***
*** End deletion cycle. ***
*** Begin deletion cycle. (Sun Mar 29 03:11:12 2020) ***
*** End deletion cycle. ***
*** Begin deletion cycle. (Sun Mar 29 03:14:24 2020) ***
*** End deletion cycle. ***
*** Begin deletion cycle. (Sun Mar 29 03:18:40 2020) ***
*** End deletion cycle. ***
*** Begin deletion cycle. (Sun Mar 29 03:18:40 2020) ***
*** End deletion cycle. ***
*** Begin deletion cycle. (Sun Mar 29 03:19:44 2020) ***
*** End deletion cycle. ***
*** Begin deletion cycle. (Sun Mar 29 03:19:44 2020) ***
*** End deletion cycle. ***
*** Begin deletion cycle. (Sun Mar 29 03:20:48 2020) ***
*** End deletion cycle. ***
*** Begin deletion cycle. (Sun Mar 29 03:21:52 2020) ***
*** End deletion cycle. ***
*** Begin deletion cycle. (Sun Mar 29 03:22:56 2020) ***
*** End deletion cycle. ***
*** Begin deletion cycle. (Sun Mar 29 03:24:00 2020) ***
*** End deletion cycle. ***
*** Begin deletion cycle. (Sun Mar 29 03:25:04 2020) ***
*** End deletion cycle. ***
*** Begin deletion cycle. (Sun Mar 29 03:25:04 2020) ***
*** End deletion cycle. ***
*** Begin deletion cycle. (Sun Mar 29 03:26:08 2020) ***
*** End deletion cycle. ***
*** Begin deletion cycle. (Sun Mar 29 03:29:20 2020) ***
*** End deletion cycle. ***
*** Begin deletion cycle. (Sun Mar 29 03:30:24 2020) ***
*** End deletion cycle. ***
*** Begin deletion cycle. (Sun Mar 29 03:33:36 2020) ***
*** End deletion cycle. ***
*** Begin deletion cycle. (Sun Mar 29 03:34:40 2020) ***
*** End deletion cycle. ***
*** Begin deletion cycle. (Sun Mar 29 03:34:40 2020) ***
*** End deletion cycle. ***
*** Begin deletion cycle. (Sun Mar 29 03:36:48 2020) ***
*** End deletion cycle. ***
*** Begin deletion cycle. (Sun Mar 29 03:37:52 2020) ***
*** End deletion cycle. ***
*** Begin deletion cycle. (Sun Mar 29 03:37:52 2020) ***
*** End deletion cycle. ***
*** Begin deletion cycle. (Sun Mar 29 03:46:24 2020) ***
*** End deletion cycle. ***
*** Begin deletion cycle. (Sun Mar 29 03:48:32 2020) ***
*** End deletion cycle. ***
*** Begin deletion cycle. (Sun Mar 29 03:50:40 2020) ***
*** End deletion cycle. ***
*** Begin deletion cycle. (Sun Mar 29 03:50:40 2020) ***
*** End deletion cycle. ***
*** Begin deletion cycle. (Sun Mar 29 03:51:44 2020) ***
*** End deletion cycle. ***
*** Begin deletion cycle. (Sun Mar 29 03:51:44 2020) ***
*** End deletion cycle. ***
*** Begin deletion cycle. (Sun Mar 29 03:54:56 2020) ***
*** End deletion cycle. ***
*** Begin deletion cycle. (Sun Mar 29 03:54:56 2020) ***
*** End deletion cycle. ***
*** Begin deletion cycle. (Sun Mar 29 03:56:00 2020) ***
*** End deletion cycle. ***
*** Begin deletion cycle. (Sun Mar 29 03:59:12 2020) ***
*** End deletion cycle. ***
*** Begin deletion cycle. (Sun Mar 29 04:00:16 2020) ***
*** End deletion cycle. ***
*** Begin deletion cycle. (Sun Mar 29 04:03:28 2020) ***
*** End deletion cycle. ***
*** Begin deletion cycle. (Sun Mar 29 11:44:16 2020) ***
*** End deletion cycle. ***
*** Begin deletion cycle. (Sun Mar 29 11:44:16 2020) ***
*** End deletion cycle. ***
*** Begin deletion cycle. (Sun Mar 29 11:45:20 2020) ***
*** End deletion cycle. ***
*** Begin deletion cycle. (Sun Mar 29 11:46:24 2020) ***
*** End deletion cycle. ***
*** Begin deletion cycle. (Sun Mar 29 11:47:28 2020) ***
*** End deletion cycle. ***
*** Begin deletion cycle. (Sun Mar 29 11:48:32 2020) ***
*** End deletion cycle. ***
*** Begin deletion cycle. (Sun Mar 29 11:48:32 2020) ***
*** End deletion cycle. ***
*** Begin deletion cycle. (Sun Mar 29 11:51:44 2020) ***
*** End deletion cycle. ***
*** Begin deletion cycle. (Sun Mar 29 11:53:52 2020) ***
*** End deletion cycle. ***
*** Begin deletion cycle. (Sun Mar 29 11:57:04 2020) ***
*** End deletion cycle. ***
*** Begin deletion cycle. (Sun Mar 29 11:57:04 2020) ***
*** End deletion cycle. ***
*** Begin deletion cycle. (Sun Mar 29 11:59:12 2020) ***
*** End deletion cycle. ***
*** Begin deletion cycle. (Sun Mar 29 11:59:12 2020) ***
*** End deletion cycle. ***
*** Begin deletion cycle. (Sun Mar 29 12:03:28 2020) ***
*** End deletion cycle. ***
*** Begin deletion cycle. (Sun Mar 29 12:05:36 2020) ***
*** End deletion cycle. ***
*** Begin deletion cycle. (Sun Mar 29 12:05:36 2020) ***
*** End deletion cycle. ***
*** Begin deletion cycle. (Sun Mar 29 12:13:04 2020) ***
*** End deletion cycle. ***
*** Begin deletion cycle. (Sun Mar 29 12:13:04 2020) ***
*** End deletion cycle. ***
*** Begin deletion cycle. (Sun Mar 29 12:14:08 2020) ***
*** End deletion cycle. ***
*** Begin deletion cycle. (Sun Mar 29 12:15:12 2020) ***
*** End deletion cycle. ***
*** Begin deletion cycle. (Sun Mar 29 12:16:16 2020) ***
*** End deletion cycle. ***
*** Begin deletion cycle. (Sun Mar 29 12:18:24 2020) ***
*** End deletion cycle. ***
*** Begin deletion cycle. (Sun Mar 29 12:18:24 2020) ***
*** End deletion cycle. ***
*** Begin deletion cycle. (Sun Mar 29 12:19:28 2020) ***
*** End deletion cycle. ***
*** Begin deletion cycle. (Sun Mar 29 12:19:28 2020) ***
*** End deletion cycle. ***
*** Begin deletion cycle. (Sun Mar 29 12:20:32 2020) ***
*** End deletion cycle. ***
*** Begin deletion cycle. (Sun Mar 29 12:21:36 2020) ***
*** End deletion cycle. ***
*** Begin deletion cycle. (Sun Mar 29 12:21:36 2020) ***
*** End deletion cycle. ***
*** Begin deletion cycle. (Sun Mar 29 12:22:40 2020) ***
*** End deletion cycle. ***
*** Begin deletion cycle. (Sun Mar 29 12:22:40 2020) ***
*** End deletion cycle. ***
*** Begin deletion cycle. (Sun Mar 29 12:23:44 2020) ***
*** End deletion cycle. ***
*** Begin deletion cycle. (Sun Mar 29 12:24:48 2020) ***
*** End deletion cycle. ***
*** Begin deletion cycle. (Sun Mar 29 12:25:52 2020) ***
*** End deletion cycle. ***
*** Begin deletion cycle. (Sun Mar 29 12:26:56 2020) ***
*** End deletion cycle. ***
*** Begin deletion cycle. (Sun Mar 29 12:29:04 2020) ***
*** End deletion cycle. ***
*** Begin deletion cycle. (Sun Mar 29 12:30:08 2020) ***
*** End deletion cycle. ***
*** Begin deletion cycle. (Sun Mar 29 12:31:12 2020) ***
*** End deletion cycle. ***
*** Begin deletion cycle. (Sun Mar 29 12:31:12 2020) ***
*** End deletion cycle. ***
*** Begin deletion cycle. (Sun Mar 29 12:33:20 2020) ***
*** End deletion cycle. ***
*** Begin deletion cycle. (Sun Mar 29 12:34:24 2020) ***
*** End deletion cycle. ***
*** Begin deletion cycle. (Sun Mar 29 12:35:28 2020) ***
*** End deletion cycle. ***
*** Begin deletion cycle. (Sun Mar 29 12:39:44 2020) ***
*** End deletion cycle. ***
*** Begin deletion cycle. (Sun Mar 29 12:39:44 2020) ***
*** End deletion cycle. ***
*** Begin deletion cycle. (Sun Mar 29 12:41:52 2020) ***
*** End deletion cycle. ***
*** Begin deletion cycle. (Sun Mar 29 12:44:00 2020) ***
*** End deletion cycle. ***
*** Begin deletion cycle. (Sun Mar 29 12:44:00 2020) ***
*** End deletion cycle. ***
*** Begin deletion cycle. (Sun Mar 29 12:46:08 2020) ***
*** End deletion cycle. ***
*** Begin deletion cycle. (Sun Mar 29 12:47:12 2020) ***
*** End deletion cycle. ***
*** Begin deletion cycle. (Sun Mar 29 12:48:16 2020) ***
*** End deletion cycle. ***
*** Begin deletion cycle. (Sun Mar 29 12:50:24 2020) ***
*** End deletion cycle. ***
*** Begin deletion cycle. (Sun Mar 29 12:51:28 2020) ***
*** End deletion cycle. ***
*** Begin deletion cycle. (Sun Mar 29 12:52:32 2020) ***
*** End deletion cycle. ***
*** Begin deletion cycle. (Sun Mar 29 12:52:32 2020) ***
*** End deletion cycle. ***
*** Begin deletion cycle. (Sun Mar 29 12:53:36 2020) ***
*** End deletion cycle. ***
*** Begin deletion cycle. (Sun Mar 29 12:54:40 2020) ***
*** End deletion cycle. ***
*** Begin deletion cycle. (Sun Mar 29 12:55:44 2020) ***
*** End deletion cycle. ***
*** Begin deletion cycle. (Sun Mar 29 12:56:48 2020) ***
*** End deletion cycle. ***
*** Begin deletion cycle. (Sun Mar 29 12:56:48 2020) ***
*** End deletion cycle. ***
*** Begin deletion cycle. (Sun Mar 29 12:58:56 2020) ***
*** End deletion cycle. ***
*** Begin deletion cycle. (Sun Mar 29 13:00:00 2020) ***
*** End deletion cycle. ***
*** Begin deletion cycle. (Sun Mar 29 13:02:08 2020) ***
*** End deletion cycle. ***
*** Begin deletion cycle. (Sun Mar 29 13:03:12 2020) ***
*** End deletion cycle. ***
*** Begin deletion cycle. (Sun Mar 29 13:05:20 2020) ***
*** End deletion cycle. ***
*** Begin deletion cycle. (Sun Mar 29 13:39:28 2020) ***
*** End deletion cycle. ***
*** Begin deletion cycle. (Sun Mar 29 13:42:40 2020) ***
*** End deletion cycle. ***
*** Begin deletion cycle. (Sun Mar 29 13:43:44 2020) ***
*** End deletion cycle. ***
*** Begin deletion cycle. (Sun Mar 29 13:43:44 2020) ***
*** End deletion cycle. ***
*** Begin deletion cycle. (Sun Mar 29 13:59:44 2020) ***
*** End deletion cycle. ***
*** Begin deletion cycle. (Sun Mar 29 14:24:16 2020) ***
*** End deletion cycle. ***
*** Begin deletion cycle. (Sun Mar 29 14:25:20 2020) ***
*** End deletion cycle. ***
*** Begin deletion cycle. (Sun Mar 29 14:25:20 2020) ***
*** End deletion cycle. ***
*** Begin deletion cycle. (Sun Mar 29 14:30:40 2020) ***
*** End deletion cycle. ***
*** Begin deletion cycle. (Sun Mar 29 16:08:48 2020) ***
*** End deletion cycle. ***
*** Begin deletion cycle. (Sun Mar 29 16:38:40 2020) ***
*** End deletion cycle. ***
*** Begin deletion cycle. (Sun Mar 29 16:39:44 2020) ***
*** End deletion cycle. ***
*** Begin deletion cycle. (Sun Mar 29 16:40:48 2020) ***
*** End deletion cycle. ***
*** Begin deletion cycle. (Sun Mar 29 16:41:52 2020) ***
*** End deletion cycle. ***
*** Begin deletion cycle. (Sun Mar 29 16:44:00 2020) ***
*** End deletion cycle. ***
*** Begin deletion cycle. (Sun Mar 29 16:46:08 2020) ***
*** End deletion cycle. ***
*** Begin deletion cycle. (Sun Mar 29 16:46:08 2020) ***
*** End deletion cycle. ***
*** Begin deletion cycle. (Sun Mar 29 16:47:12 2020) ***
*** End deletion cycle. ***
*** Begin deletion cycle. (Sun Mar 29 16:48:16 2020) ***
*** End deletion cycle. ***
*** Begin deletion cycle. (Sun Mar 29 16:48:16 2020) ***
*** End deletion cycle. ***
*** Begin deletion cycle. (Sun Mar 29 16:50:24 2020) ***
*** End deletion cycle. ***
*** Begin deletion cycle. (Sun Mar 29 16:51:28 2020) ***
*** End deletion cycle. ***
*** Begin deletion cycle. (Sun Mar 29 16:52:32 2020) ***
*** End deletion cycle. ***
*** Begin deletion cycle. (Sun Mar 29 16:54:40 2020) ***
*** End deletion cycle. ***
*** Begin deletion cycle. (Sun Mar 29 16:55:44 2020) ***
*** End deletion cycle. ***
*** Begin deletion cycle. (Sun Mar 29 16:55:44 2020) ***
*** End deletion cycle. ***
*** Begin deletion cycle. (Sun Mar 29 16:57:52 2020) ***
*** End deletion cycle. ***
*** Begin deletion cycle. (Sun Mar 29 17:21:20 2020) ***
*** End deletion cycle. ***
*** Begin deletion cycle. (Sun Mar 29 17:22:24 2020) ***
*** End deletion cycle. ***
*** Begin deletion cycle. (Sun Mar 29 17:23:28 2020) ***
*** End deletion cycle. ***
*** Begin deletion cycle. (Sun Mar 29 17:24:32 2020) ***
*** End deletion cycle. ***
*** Begin deletion cycle. (Sun Mar 29 17:24:32 2020) ***
*** End deletion cycle. ***
*** Begin deletion cycle. (Sun Mar 29 17:25:36 2020) ***
*** End deletion cycle. ***
*** Begin deletion cycle. (Sun Mar 29 17:25:36 2020) ***
*** End deletion cycle. ***
*** Begin deletion cycle. (Sun Mar 29 17:28:48 2020) ***
*** End deletion cycle. ***
*** Begin deletion cycle. (Sun Mar 29 17:29:52 2020) ***
*** End deletion cycle. ***
*** Begin deletion cycle. (Sun Mar 29 17:29:52 2020) ***
*** End deletion cycle. ***
*** Begin deletion cycle. (Sun Mar 29 17:29:52 2020) ***
*** End deletion cycle. ***
*** Begin deletion cycle. (Sun Mar 29 17:30:56 2020) ***
*** End deletion cycle. ***
*** Begin deletion cycle. (Sun Mar 29 17:30:56 2020) ***
*** End deletion cycle. ***
*** Begin deletion cycle. (Sun Mar 29 17:32:00 2020) ***
*** End deletion cycle. ***
*** Begin deletion cycle. (Sun Mar 29 17:32:00 2020) ***
*** End deletion cycle. ***
*** Begin deletion cycle. (Sun Mar 29 17:34:08 2020) ***
*** End deletion cycle. ***
*** Begin deletion cycle. (Sun Mar 29 17:34:08 2020) ***
*** End deletion cycle. ***
*** Begin deletion cycle. (Sun Mar 29 17:34:08 2020) ***
*** End deletion cycle. ***
*** Begin deletion cycle. (Sun Mar 29 17:34:08 2020) ***
*** End deletion cycle. ***
*** Begin deletion cycle. (Sun Mar 29 17:35:12 2020) ***
*** End deletion cycle. ***
*** Begin deletion cycle. (Sun Mar 29 17:37:20 2020) ***
*** End deletion cycle. ***
*** Begin deletion cycle. (Sun Mar 29 17:42:40 2020) ***
*** End deletion cycle. ***
*** Begin deletion cycle. (Sun Mar 29 17:46:56 2020) ***
*** End deletion cycle. ***
*** Begin deletion cycle. (Sun Mar 29 17:48:00 2020) ***
*** End deletion cycle. ***
*** Begin deletion cycle. (Sun Mar 29 17:48:00 2020) ***
*** End deletion cycle. ***
*** Begin deletion cycle. (Sun Mar 29 17:49:04 2020) ***
*** End deletion cycle. ***
*** Begin deletion cycle. (Sun Mar 29 17:51:12 2020) ***
*** End deletion cycle. ***
*** Begin deletion cycle. (Sun Mar 29 17:51:12 2020) ***
*** End deletion cycle. ***
*** Begin deletion cycle. (Sun Mar 29 17:52:16 2020) ***
*** End deletion cycle. ***
*** Begin deletion cycle. (Sun Mar 29 17:54:24 2020) ***
*** End deletion cycle. ***
*** Begin deletion cycle. (Sun Mar 29 17:55:28 2020) ***
*** End deletion cycle. ***
*** Begin deletion cycle. (Sun Mar 29 17:57:36 2020) ***
*** End deletion cycle. ***
*** Begin deletion cycle. (Sun Mar 29 17:59:44 2020) ***
*** End deletion cycle. ***
*** Begin deletion cycle. (Sun Mar 29 18:00:48 2020) ***
*** End deletion cycle. ***
*** Begin deletion cycle. (Sun Mar 29 18:00:48 2020) ***
*** End deletion cycle. ***
*** Begin deletion cycle. (Sun Mar 29 18:56:16 2020) ***
*** End deletion cycle. ***
*** Begin deletion cycle. (Sun Mar 29 18:58:24 2020) ***
*** End deletion cycle. ***
*** Begin deletion cycle. (Sun Mar 29 19:01:36 2020) ***
*** End deletion cycle. ***
*** Begin deletion cycle. (Sun Mar 29 19:02:40 2020) ***
*** End deletion cycle. ***
*** Begin deletion cycle. (Sun Mar 29 19:03:44 2020) ***
*** End deletion cycle. ***
*** Begin deletion cycle. (Sun Mar 29 19:05:52 2020) ***
*** End deletion cycle. ***
*** Begin deletion cycle. (Sun Mar 29 19:29:20 2020) ***
*** End deletion cycle. ***
*** Begin deletion cycle. (Sun Mar 29 19:29:20 2020) ***
*** End deletion cycle. ***
*** Begin deletion cycle. (Sun Mar 29 19:31:28 2020) ***
*** End deletion cycle. ***
*** Begin deletion cycle. (Sun Mar 29 19:53:52 2020) ***
*** End deletion cycle. ***
*** Begin deletion cycle. (Sun Mar 29 19:57:04 2020) ***
*** End deletion cycle. ***
*** Begin deletion cycle. (Sun Mar 29 19:58:08 2020) ***
*** End deletion cycle. ***
*** Begin deletion cycle. (Sun Mar 29 19:59:12 2020) ***
*** End deletion cycle. ***
*** Begin deletion cycle. (Sun Mar 29 19:59:12 2020) ***
*** End deletion cycle. ***
*** Begin deletion cycle. (Sun Mar 29 19:59:12 2020) ***
*** End deletion cycle. ***
*** Begin deletion cycle. (Sun Mar 29 20:06:40 2020) ***
*** End deletion cycle. ***
*** Begin deletion cycle. (Sun Mar 29 20:07:44 2020) ***
*** End deletion cycle. ***
*** Begin deletion cycle. (Sun Mar 29 20:08:48 2020) ***
*** End deletion cycle. ***
*** Begin deletion cycle. (Sun Mar 29 20:08:48 2020) ***
*** End deletion cycle. ***
*** Begin deletion cycle. (Sun Mar 29 20:09:52 2020) ***
*** End deletion cycle. ***
*** Begin deletion cycle. (Sun Mar 29 20:12:00 2020) ***
*** End deletion cycle. ***
*** Begin deletion cycle. (Sun Mar 29 20:12:00 2020) ***
*** End deletion cycle. ***
*** Begin deletion cycle. (Sun Mar 29 20:13:04 2020) ***
*** End deletion cycle. ***
*** Begin deletion cycle. (Sun Mar 29 20:14:08 2020) ***
*** End deletion cycle. ***
*** Begin deletion cycle. (Sun Mar 29 20:18:24 2020) ***
*** End deletion cycle. ***
*** Begin deletion cycle. (Sun Mar 29 20:18:24 2020) ***
*** End deletion cycle. ***
*** Begin deletion cycle. (Sun Mar 29 22:02:56 2020) ***
*** End deletion cycle. ***
*** Begin deletion cycle. (Sun Mar 29 22:08:16 2020) ***
*** End deletion cycle. ***
*** Begin deletion cycle. (Sun Mar 29 22:10:24 2020) ***
*** End deletion cycle. ***
*** Begin deletion cycle. (Sun Mar 29 22:20:00 2020) ***
*** End deletion cycle. ***
*** Begin deletion cycle. (Sun Mar 29 22:20:00 2020) ***
*** End deletion cycle. ***
*** Begin deletion cycle. (Sun Mar 29 22:21:04 2020) ***
*** End deletion cycle. ***
*** Begin deletion cycle. (Sun Mar 29 22:23:12 2020) ***
*** End deletion cycle. ***
*** Begin deletion cycle. (Sun Mar 29 22:24:16 2020) ***
*** End deletion cycle. ***
*** Begin deletion cycle. (Sun Mar 29 22:25:20 2020) ***
*** End deletion cycle. ***
*** Begin deletion cycle. (Sun Mar 29 22:27:28 2020) ***
*** End deletion cycle. ***
*** Begin deletion cycle. (Sun Mar 29 22:28:32 2020) ***
*** End deletion cycle. ***
*** Begin deletion cycle. (Sun Mar 29 22:36:00 2020) ***
*** End deletion cycle. ***
*** Begin deletion cycle. (Sun Mar 29 22:39:12 2020) ***
*** End deletion cycle. ***
*** Begin deletion cycle. (Sun Mar 29 22:43:28 2020) ***
*** End deletion cycle. ***
*** Begin deletion cycle. (Sun Mar 29 22:45:36 2020) ***
*** End deletion cycle. ***
*** Begin deletion cycle. (Sun Mar 29 22:46:40 2020) ***
*** End deletion cycle. ***
*** Begin deletion cycle. (Sun Mar 29 22:46:40 2020) ***
*** End deletion cycle. ***
*** Begin deletion cycle. (Sun Mar 29 22:47:44 2020) ***
*** End deletion cycle. ***
*** Begin deletion cycle. (Sun Mar 29 22:47:44 2020) ***
*** End deletion cycle. ***
*** Begin deletion cycle. (Mon Mar 30 08:56:48 2020) ***
*** End deletion cycle. ***
*** Begin deletion cycle. (Mon Mar 30 09:00:00 2020) ***
*** End deletion cycle. ***
*** Begin deletion cycle. (Mon Mar 30 09:04:16 2020) ***
*** End deletion cycle. ***
*** Begin deletion cycle. (Mon Mar 30 09:06:24 2020) ***
*** End deletion cycle. ***
*** Begin deletion cycle. (Mon Mar 30 09:08:32 2020) ***
*** End deletion cycle. ***
*** Begin deletion cycle. (Mon Mar 30 09:08:32 2020) ***
*** End deletion cycle. ***
*** Begin deletion cycle. (Mon Mar 30 09:22:24 2020) ***
*** End deletion cycle. ***
*** Begin deletion cycle. (Mon Mar 30 09:22:24 2020) ***
*** End deletion cycle. ***
*** Begin deletion cycle. (Mon Mar 30 09:24:32 2020) ***
*** End deletion cycle. ***
*** Begin deletion cycle. (Mon Mar 30 16:15:12 2020) ***
*** End deletion cycle. ***
*** Begin deletion cycle. (Mon Mar 30 16:19:28 2020) ***
*** End deletion cycle. ***
*** Begin deletion cycle. (Mon Mar 30 16:20:32 2020) ***
*** End deletion cycle. ***
*** Begin deletion cycle. (Mon Mar 30 19:10:08 2020) ***
*** End deletion cycle. ***
*** Begin deletion cycle. (Mon Mar 30 19:10:08 2020) ***
*** End deletion cycle. ***
*** Begin deletion cycle. (Mon Mar 30 19:10:08 2020) ***
*** End deletion cycle. ***
*** Begin deletion cycle. (Mon Mar 30 19:13:20 2020) ***
*** End deletion cycle. ***
*** Begin deletion cycle. (Mon Mar 30 19:13:20 2020) ***
*** End deletion cycle. ***
*** Begin deletion cycle. (Mon Mar 30 19:14:24 2020) ***
*** End deletion cycle. ***
*** Begin deletion cycle. (Mon Mar 30 19:17:36 2020) ***
*** End deletion cycle. ***
*** Begin deletion cycle. (Mon Mar 30 19:18:40 2020) ***
*** End deletion cycle. ***
*** Begin deletion cycle. (Mon Mar 30 19:30:24 2020) ***
*** End deletion cycle. ***
*** Begin deletion cycle. (Mon Mar 30 19:31:28 2020) ***
*** End deletion cycle. ***
*** Begin deletion cycle. (Mon Mar 30 19:35:44 2020) ***
*** End deletion cycle. ***
*** Begin deletion cycle. (Mon Mar 30 19:35:44 2020) ***
*** End deletion cycle. ***
*** Begin deletion cycle. (Mon Mar 30 19:36:48 2020) ***
*** End deletion cycle. ***
*** Begin deletion cycle. (Mon Mar 30 19:40:00 2020) ***
*** End deletion cycle. ***
*** Begin deletion cycle. (Mon Mar 30 19:41:04 2020) ***
*** End deletion cycle. ***
*** Begin deletion cycle. (Mon Mar 30 19:44:16 2020) ***
*** End deletion cycle. ***
*** Begin deletion cycle. (Mon Mar 30 19:44:16 2020) ***
*** End deletion cycle. ***
*** Begin deletion cycle. (Mon Mar 30 19:49:36 2020) ***
*** End deletion cycle. ***
*** Begin deletion cycle. (Mon Mar 30 19:51:44 2020) ***
*** End deletion cycle. ***
*** Begin deletion cycle. (Mon Mar 30 19:58:08 2020) ***
*** End deletion cycle. ***
*** Begin deletion cycle. (Mon Mar 30 20:00:16 2020) ***
*** End deletion cycle. ***
*** Begin deletion cycle. (Mon Mar 30 20:01:20 2020) ***
*** End deletion cycle. ***
*** Begin deletion cycle. (Mon Mar 30 20:02:24 2020) ***
*** End deletion cycle. ***
*** Begin deletion cycle. (Mon Mar 30 20:02:24 2020) ***
*** End deletion cycle. ***
*** Begin deletion cycle. (Mon Mar 30 20:04:32 2020) ***
*** End deletion cycle. ***
*** Begin deletion cycle. (Mon Mar 30 20:04:32 2020) ***
*** End deletion cycle. ***
*** Begin deletion cycle. (Mon Mar 30 20:05:36 2020) ***
*** End deletion cycle. ***
*** Begin deletion cycle. (Mon Mar 30 21:12:48 2020) ***
*** End deletion cycle. ***
*** Begin deletion cycle. (Mon Mar 30 21:13:52 2020) ***
*** End deletion cycle. ***
*** Begin deletion cycle. (Mon Mar 30 21:14:56 2020) ***
*** End deletion cycle. ***
*** Begin deletion cycle. (Mon Mar 30 21:18:08 2020) ***
*** End deletion cycle. ***
*** Begin deletion cycle. (Mon Mar 30 21:19:12 2020) ***
*** End deletion cycle. ***
*** Begin deletion cycle. (Mon Mar 30 21:22:24 2020) ***
*** End deletion cycle. ***
*** Begin deletion cycle. (Mon Mar 30 21:22:24 2020) ***
*** End deletion cycle. ***
*** Begin deletion cycle. (Mon Mar 30 21:22:24 2020) ***
*** End deletion cycle. ***
*** Begin deletion cycle. (Mon Mar 30 21:22:24 2020) ***
*** End deletion cycle. ***
*** Begin deletion cycle. (Mon Mar 30 21:23:28 2020) ***
*** End deletion cycle. ***
*** Begin deletion cycle. (Tue Mar 31 18:27:28 2020) ***
*** End deletion cycle. ***
*** Begin deletion cycle. (Tue Mar 31 18:29:36 2020) ***
*** End deletion cycle. ***
*** Begin deletion cycle. (Tue Mar 31 18:31:44 2020) ***
*** End deletion cycle. ***
*** Begin deletion cycle. (Tue Mar 31 18:33:52 2020) ***
*** End deletion cycle. ***
*** Begin deletion cycle. (Tue Mar 31 18:36:00 2020) ***
*** End deletion cycle. ***
*** Begin deletion cycle. (Tue Mar 31 18:37:04 2020) ***
*** End deletion cycle. ***
*** Begin deletion cycle. (Tue Mar 31 18:38:08 2020) ***
*** End deletion cycle. ***
*** Begin deletion cycle. (Tue Mar 31 18:38:08 2020) ***
*** End deletion cycle. ***
*** Begin deletion cycle. (Tue Mar 31 18:40:16 2020) ***
*** End deletion cycle. ***
*** Begin deletion cycle. (Tue Mar 31 18:41:20 2020) ***
*** End deletion cycle. ***
*** Begin deletion cycle. (Tue Mar 31 18:42:24 2020) ***
*** End deletion cycle. ***
*** Begin deletion cycle. (Tue Mar 31 18:42:24 2020) ***
*** End deletion cycle. ***
*** Begin deletion cycle. (Tue Mar 31 18:42:24 2020) ***
*** End deletion cycle. ***
*** Begin deletion cycle. (Tue Mar 31 18:43:28 2020) ***
*** End deletion cycle. ***
*** Begin deletion cycle. (Tue Mar 31 18:45:36 2020) ***
*** End deletion cycle. ***
*** Begin deletion cycle. (Tue Mar 31 18:45:36 2020) ***
*** End deletion cycle. ***
*** Begin deletion cycle. (Tue Mar 31 18:46:40 2020) ***
*** End deletion cycle. ***
*** Begin deletion cycle. (Tue Mar 31 18:46:40 2020) ***
*** End deletion cycle. ***
*** Begin deletion cycle. (Tue Mar 31 18:47:44 2020) ***
*** End deletion cycle. ***
*** Begin deletion cycle. (Tue Mar 31 18:47:44 2020) ***
*** End deletion cycle. ***
*** Begin deletion cycle. (Tue Mar 31 18:48:48 2020) ***
*** End deletion cycle. ***
*** Begin deletion cycle. (Tue Mar 31 18:49:52 2020) ***
*** End deletion cycle. ***
*** Begin deletion cycle. (Tue Mar 31 19:03:44 2020) ***
*** End deletion cycle. ***
*** Begin deletion cycle. (Tue Mar 31 19:59:12 2020) ***
*** End deletion cycle. ***
*** Begin deletion cycle. (Tue Mar 31 20:01:20 2020) ***
*** End deletion cycle. ***
*** Begin deletion cycle. (Tue Mar 31 20:25:52 2020) ***
*** End deletion cycle. ***
*** Begin deletion cycle. (Tue Mar 31 20:26:56 2020) ***
*** End deletion cycle. ***
*** Begin deletion cycle. (Tue Mar 31 20:28:00 2020) ***
*** End deletion cycle. ***
*** Begin deletion cycle. (Tue Mar 31 20:29:04 2020) ***
*** End deletion cycle. ***
*** Begin deletion cycle. (Tue Mar 31 20:29:04 2020) ***
*** End deletion cycle. ***
*** Begin deletion cycle. (Tue Mar 31 20:30:08 2020) ***
*** End deletion cycle. ***
*** Begin deletion cycle. (Tue Mar 31 20:31:12 2020) ***
*** End deletion cycle. ***
*** Begin deletion cycle. (Tue Mar 31 20:32:16 2020) ***
*** End deletion cycle. ***
*** Begin deletion cycle. (Tue Mar 31 20:36:32 2020) ***
*** End deletion cycle. ***
*** Begin deletion cycle. (Tue Mar 31 20:38:40 2020) ***
*** End deletion cycle. ***
*** Begin deletion cycle. (Tue Mar 31 20:40:48 2020) ***
*** End deletion cycle. ***
*** Begin deletion cycle. (Tue Mar 31 20:42:56 2020) ***
*** End deletion cycle. ***
*** Begin deletion cycle. (Tue Mar 31 20:42:56 2020) ***
*** End deletion cycle. ***
*** Begin deletion cycle. (Tue Mar 31 20:48:16 2020) ***
*** End deletion cycle. ***
*** Begin deletion cycle. (Tue Mar 31 21:57:36 2020) ***
*** End deletion cycle. ***
*** Begin deletion cycle. (Tue Mar 31 21:58:40 2020) ***
*** End deletion cycle. ***
*** Begin deletion cycle. (Tue Mar 31 21:58:40 2020) ***
*** End deletion cycle. ***
*** Begin deletion cycle. (Tue Mar 31 22:01:52 2020) ***
*** End deletion cycle. ***
*** Begin deletion cycle. (Tue Mar 31 22:05:04 2020) ***
*** End deletion cycle. ***
*** Begin deletion cycle. (Tue Mar 31 22:07:12 2020) ***
*** End deletion cycle. ***
*** Begin deletion cycle. (Tue Mar 31 22:14:40 2020) ***
*** End deletion cycle. ***
*** Begin deletion cycle. (Tue Mar 31 22:20:00 2020) ***
*** End deletion cycle. ***
*** Begin deletion cycle. (Tue Mar 31 22:20:00 2020) ***
*** End deletion cycle. ***
*** Begin deletion cycle. (Tue Mar 31 22:21:04 2020) ***
*** End deletion cycle. ***
*** Begin deletion cycle. (Tue Mar 31 22:21:04 2020) ***
*** End deletion cycle. ***
*** Begin deletion cycle. (Tue Mar 31 22:27:28 2020) ***
*** End deletion cycle. ***
*** Begin deletion cycle. (Tue Mar 31 22:27:28 2020) ***
*** End deletion cycle. ***
*** Begin deletion cycle. (Tue Mar 31 22:28:32 2020) ***
*** End deletion cycle. ***
*** Begin deletion cycle. (Tue Mar 31 22:28:32 2020) ***
*** End deletion cycle. ***
*** Begin deletion cycle. (Tue Mar 31 22:31:44 2020) ***
*** End deletion cycle. ***
*** Begin deletion cycle. (Tue Mar 31 22:55:12 2020) ***
*** End deletion cycle. ***
*** Begin deletion cycle. (Tue Mar 31 22:56:16 2020) ***
*** End deletion cycle. ***
*** Begin deletion cycle. (Tue Mar 31 22:57:20 2020) ***
*** End deletion cycle. ***
*** Begin deletion cycle. (Tue Mar 31 22:58:24 2020) ***
*** End deletion cycle. ***
*** Begin deletion cycle. (Tue Mar 31 22:58:24 2020) ***
*** End deletion cycle. ***
*** Begin deletion cycle. (Tue Mar 31 22:59:28 2020) ***
*** End deletion cycle. ***
*** Begin deletion cycle. (Tue Mar 31 23:00:32 2020) ***
*** End deletion cycle. ***
*** Begin deletion cycle. (Tue Mar 31 23:01:36 2020) ***
*** End deletion cycle. ***
*** Begin deletion cycle. (Tue Mar 31 23:06:56 2020) ***
*** End deletion cycle. ***
*** Begin deletion cycle. (Tue Mar 31 23:11:37 2020) ***
*** End deletion cycle. ***
*** Begin deletion cycle. (Tue Mar 31 23:21:00 2020) ***
*** End deletion cycle. ***
*** Begin deletion cycle. (Tue Mar 31 23:32:32 2020) ***
*** End deletion cycle. ***
*** Begin deletion cycle. (Tue Mar 31 23:33:36 2020) ***
*** End deletion cycle. ***
*** Begin deletion cycle. (Tue Mar 31 23:35:44 2020) ***
*** End deletion cycle. ***
*** Begin deletion cycle. (Tue Mar 31 23:35:44 2020) ***
*** End deletion cycle. ***
*** Begin deletion cycle. (Tue Mar 31 23:36:48 2020) ***
*** End deletion cycle. ***
*** Begin deletion cycle. (Tue Mar 31 23:41:04 2020) ***
*** End deletion cycle. ***
*** Begin deletion cycle. (Tue Mar 31 23:42:08 2020) ***
*** End deletion cycle. ***
*** Begin deletion cycle. (Tue Mar 31 23:44:16 2020) ***
*** End deletion cycle. ***
*** Begin deletion cycle. (Tue Mar 31 23:45:20 2020) ***
*** End deletion cycle. ***
*** Begin deletion cycle. (Tue Mar 31 23:46:24 2020) ***
*** End deletion cycle. ***
*** Begin deletion cycle. (Tue Mar 31 23:49:36 2020) ***
*** End deletion cycle. ***
*** Begin deletion cycle. (Wed Apr 01 09:44:48 2020) ***
*** End deletion cycle. ***
*** Begin deletion cycle. (Wed Apr 01 09:51:12 2020) ***
*** End deletion cycle. ***
*** Begin deletion cycle. (Wed Apr 01 09:52:16 2020) ***
*** End deletion cycle. ***
*** Begin deletion cycle. (Wed Apr 01 10:04:00 2020) ***
*** End deletion cycle. ***
*** Begin deletion cycle. (Wed Apr 01 10:36:00 2020) ***
*** End deletion cycle. ***
*** Begin deletion cycle. (Thu Apr 02 16:31:12 2020) ***
*** End deletion cycle. ***
*** Begin deletion cycle. (Thu Apr 02 16:33:20 2020) ***
*** End deletion cycle. ***
*** Begin deletion cycle. (Thu Apr 02 16:45:04 2020) ***
*** End deletion cycle. ***
*** Begin deletion cycle. (Thu Apr 02 16:47:12 2020) ***
*** End deletion cycle. ***
*** Begin deletion cycle. (Thu Apr 02 16:47:12 2020) ***
*** End deletion cycle. ***
*** Begin deletion cycle. (Thu Apr 02 16:51:28 2020) ***
*** End deletion cycle. ***
*** Begin deletion cycle. (Thu Apr 02 16:51:28 2020) ***
*** End deletion cycle. ***
*** Begin deletion cycle. (Thu Apr 02 16:52:32 2020) ***
*** End deletion cycle. ***
*** Begin deletion cycle. (Thu Apr 02 16:54:40 2020) ***
*** End deletion cycle. ***
*** Begin deletion cycle. (Thu Apr 02 16:55:44 2020) ***
*** End deletion cycle. ***
*** Begin deletion cycle. (Thu Apr 02 18:42:24 2020) ***
*** End deletion cycle. ***
*** Begin deletion cycle. (Thu Apr 02 18:45:36 2020) ***
*** End deletion cycle. ***
*** Begin deletion cycle. (Thu Apr 02 18:46:40 2020) ***
*** End deletion cycle. ***
*** Begin deletion cycle. (Thu Apr 02 18:48:48 2020) ***
*** End deletion cycle. ***
*** Begin deletion cycle. (Thu Apr 02 18:54:08 2020) ***
*** End deletion cycle. ***
*** Begin deletion cycle. (Thu Apr 02 18:55:12 2020) ***
*** End deletion cycle. ***
*** Begin deletion cycle. (Thu Apr 02 18:55:12 2020) ***
*** End deletion cycle. ***
*** Begin deletion cycle. (Thu Apr 02 18:57:20 2020) ***
*** End deletion cycle. ***
*** Begin deletion cycle. (Thu Apr 02 19:02:40 2020) ***
*** End deletion cycle. ***
*** Begin deletion cycle. (Thu Apr 02 19:11:12 2020) ***
*** End deletion cycle. ***
*** Begin deletion cycle. (Thu Apr 02 19:20:48 2020) ***
*** End deletion cycle. ***
*** Begin deletion cycle. (Thu Apr 02 19:22:56 2020) ***
*** End deletion cycle. ***
*** Begin deletion cycle. (Thu Apr 02 19:25:04 2020) ***
*** End deletion cycle. ***
*** Begin deletion cycle. (Thu Apr 02 19:29:20 2020) ***
*** End deletion cycle. ***
*** Begin deletion cycle. (Thu Apr 02 19:32:32 2020) ***
*** End deletion cycle. ***
*** Begin deletion cycle. (Thu Apr 02 19:32:32 2020) ***
*** End deletion cycle. ***
*** Begin deletion cycle. (Thu Apr 02 19:33:36 2020) ***
*** End deletion cycle. ***
*** Begin deletion cycle. (Thu Apr 02 19:34:40 2020) ***
*** End deletion cycle. ***
*** Begin deletion cycle. (Thu Apr 02 19:42:08 2020) ***
*** End deletion cycle. ***
*** Begin deletion cycle. (Thu Apr 02 19:44:16 2020) ***
*** End deletion cycle. ***
*** Begin deletion cycle. (Thu Apr 02 19:46:24 2020) ***
*** End deletion cycle. ***
*** Begin deletion cycle. (Thu Apr 02 19:48:32 2020) ***
*** End deletion cycle. ***
*** Begin deletion cycle. (Thu Apr 02 19:50:40 2020) ***
*** End deletion cycle. ***
*** Begin deletion cycle. (Thu Apr 02 19:51:44 2020) ***
*** End deletion cycle. ***
*** Begin deletion cycle. (Thu Apr 02 19:54:56 2020) ***
*** End deletion cycle. ***
*** Begin deletion cycle. (Thu Apr 02 20:01:20 2020) ***
*** End deletion cycle. ***
*** Begin deletion cycle. (Thu Apr 02 20:02:24 2020) ***
*** End deletion cycle. ***
*** Begin deletion cycle. (Thu Apr 02 20:03:28 2020) ***
*** End deletion cycle. ***
*** Begin deletion cycle. (Fri Apr 03 20:53:36 2020) ***
*** End deletion cycle. ***
*** Begin deletion cycle. (Fri Apr 03 20:56:48 2020) ***
*** End deletion cycle. ***
*** Begin deletion cycle. (Fri Apr 03 20:58:56 2020) ***
*** End deletion cycle. ***
*** Begin deletion cycle. (Fri Apr 03 21:02:08 2020) ***
*** End deletion cycle. ***
*** Begin deletion cycle. (Fri Apr 03 21:05:20 2020) ***
*** End deletion cycle. ***
*** Begin deletion cycle. (Fri Apr 03 21:06:24 2020) ***
*** End deletion cycle. ***
*** Begin deletion cycle. (Fri Apr 03 21:08:32 2020) ***
*** End deletion cycle. ***
*** Begin deletion cycle. (Fri Apr 03 21:11:44 2020) ***
*** End deletion cycle. ***
*** Begin deletion cycle. (Fri Apr 03 21:21:20 2020) ***
*** End deletion cycle. ***
*** Begin deletion cycle. (Fri Apr 03 21:22:24 2020) ***
*** End deletion cycle. ***
*** Begin deletion cycle. (Fri Apr 03 21:26:40 2020) ***
*** End deletion cycle. ***
*** Begin deletion cycle. (Fri Apr 03 21:27:44 2020) ***
*** End deletion cycle. ***
*** Begin deletion cycle. (Fri Apr 03 21:28:48 2020) ***
*** End deletion cycle. ***
*** Begin deletion cycle. (Fri Apr 03 21:28:48 2020) ***
*** End deletion cycle. ***
*** Begin deletion cycle. (Fri Apr 03 21:28:48 2020) ***
*** End deletion cycle. ***
*** Begin deletion cycle. (Fri Apr 03 21:29:52 2020) ***
*** End deletion cycle. ***
*** Begin deletion cycle. (Fri Apr 03 21:30:56 2020) ***
*** End deletion cycle. ***
*** Begin deletion cycle. (Fri Apr 03 21:30:56 2020) ***
*** End deletion cycle. ***
*** Begin deletion cycle. (Fri Apr 03 21:32:00 2020) ***
*** End deletion cycle. ***
*** Begin deletion cycle. (Fri Apr 03 21:33:04 2020) ***
*** End deletion cycle. ***
*** Begin deletion cycle. (Fri Apr 03 21:36:16 2020) ***
*** End deletion cycle. ***
*** Begin deletion cycle. (Fri Apr 03 21:37:20 2020) ***
*** End deletion cycle. ***
*** Begin deletion cycle. (Fri Apr 03 21:38:24 2020) ***
*** End deletion cycle. ***
*** Begin deletion cycle. (Fri Apr 03 22:05:04 2020) ***
*** End deletion cycle. ***
*** Begin deletion cycle. (Fri Apr 03 22:06:08 2020) ***
*** End deletion cycle. ***
*** Begin deletion cycle. (Fri Apr 03 22:07:12 2020) ***
*** End deletion cycle. ***
*** Begin deletion cycle. (Fri Apr 03 22:09:20 2020) ***
*** End deletion cycle. ***
*** Begin deletion cycle. (Fri Apr 03 22:11:28 2020) ***
*** End deletion cycle. ***
*** Begin deletion cycle. (Fri Apr 03 22:13:36 2020) ***
*** End deletion cycle. ***
*** Begin deletion cycle. (Fri Apr 03 22:14:40 2020) ***
*** End deletion cycle. ***
*** Begin deletion cycle. (Fri Apr 03 22:15:44 2020) ***
*** End deletion cycle. ***
*** Begin deletion cycle. (Fri Apr 03 22:17:52 2020) ***
*** End deletion cycle. ***
*** Begin deletion cycle. (Fri Apr 03 22:30:40 2020) ***
*** End deletion cycle. ***
*** Begin deletion cycle. (Fri Apr 03 22:46:40 2020) ***
*** End deletion cycle. ***
*** Begin deletion cycle. (Fri Apr 03 23:17:36 2020) ***
*** End deletion cycle. ***
*** Begin deletion cycle. (Fri Apr 03 23:17:36 2020) ***
*** End deletion cycle. ***
*** Begin deletion cycle. (Fri Apr 03 23:18:40 2020) ***
*** End deletion cycle. ***
*** Begin deletion cycle. (Fri Apr 03 23:38:56 2020) ***
*** End deletion cycle. ***
*** Begin deletion cycle. (Fri Apr 03 23:41:04 2020) ***
*** End deletion cycle. ***
*** Begin deletion cycle. (Fri Apr 03 23:46:24 2020) ***
*** End deletion cycle. ***
*** Begin deletion cycle. (Fri Apr 03 23:47:28 2020) ***
*** End deletion cycle. ***
*** Begin deletion cycle. (Fri Apr 03 23:51:44 2020) ***
*** End deletion cycle. ***
*** Begin deletion cycle. (Fri Apr 03 23:56:00 2020) ***
*** End deletion cycle. ***
*** Begin deletion cycle. (Fri Apr 03 23:58:08 2020) ***
*** End deletion cycle. ***
*** Begin deletion cycle. (Fri Apr 03 23:59:12 2020) ***
*** End deletion cycle. ***
*** Begin deletion cycle. (Sat Apr 04 00:00:16 2020) ***
*** End deletion cycle. ***
*** Begin deletion cycle. (Sat Apr 04 00:01:20 2020) ***
*** End deletion cycle. ***
*** Begin deletion cycle. (Sat Apr 04 00:03:28 2020) ***
*** End deletion cycle. ***
*** Begin deletion cycle. (Sat Apr 04 00:08:48 2020) ***
*** End deletion cycle. ***
*** Begin deletion cycle. (Sat Apr 04 00:14:08 2020) ***
*** End deletion cycle. ***
*** Begin deletion cycle. (Sat Apr 04 00:17:20 2020) ***
*** End deletion cycle. ***
*** Begin deletion cycle. (Sat Apr 04 00:18:24 2020) ***
*** End deletion cycle. ***
*** Begin deletion cycle. (Sat Apr 04 00:47:12 2020) ***
*** End deletion cycle. ***
*** Begin deletion cycle. (Sat Apr 04 00:49:20 2020) ***
*** End deletion cycle. ***
*** Begin deletion cycle. (Sat Apr 04 00:51:28 2020) ***
*** End deletion cycle. ***
*** Begin deletion cycle. (Sat Apr 04 00:54:40 2020) ***
*** End deletion cycle. ***
*** Begin deletion cycle. (Sat Apr 04 00:55:44 2020) ***
*** End deletion cycle. ***
*** Begin deletion cycle. (Sat Apr 04 09:53:20 2020) ***
*** End deletion cycle. ***
*** Begin deletion cycle. (Sat Apr 04 10:00:48 2020) ***
*** End deletion cycle. ***
*** Begin deletion cycle. (Sat Apr 04 10:02:56 2020) ***
*** End deletion cycle. ***
*** Begin deletion cycle. (Sat Apr 04 10:04:00 2020) ***
*** End deletion cycle. ***
*** Begin deletion cycle. (Sat Apr 04 10:05:04 2020) ***
*** End deletion cycle. ***
*** Begin deletion cycle. (Sat Apr 04 10:06:08 2020) ***
*** End deletion cycle. ***
*** Begin deletion cycle. (Sat Apr 04 10:15:44 2020) ***
*** End deletion cycle. ***
*** Begin deletion cycle. (Sat Apr 04 10:20:00 2020) ***
*** End deletion cycle. ***
*** Begin deletion cycle. (Sat Apr 04 10:21:04 2020) ***
*** End deletion cycle. ***
*** Begin deletion cycle. (Sat Apr 04 10:25:20 2020) ***
*** End deletion cycle. ***
*** Begin deletion cycle. (Sat Apr 04 10:27:28 2020) ***
*** End deletion cycle. ***
*** Begin deletion cycle. (Sat Apr 04 10:31:44 2020) ***
*** End deletion cycle. ***
*** Begin deletion cycle. (Sat Apr 04 11:10:08 2020) ***
*** End deletion cycle. ***
*** Begin deletion cycle. (Sat Apr 04 11:11:12 2020) ***
*** End deletion cycle. ***
*** Begin deletion cycle. (Sat Apr 04 11:14:24 2020) ***
*** End deletion cycle. ***
*** Begin deletion cycle. (Sat Apr 04 11:15:28 2020) ***
*** End deletion cycle. ***
*** Begin deletion cycle. (Sat Apr 04 11:48:32 2020) ***
*** End deletion cycle. ***
*** Begin deletion cycle. (Sat Apr 04 11:49:36 2020) ***
*** End deletion cycle. ***
*** Begin deletion cycle. (Sat Apr 04 11:52:48 2020) ***
*** End deletion cycle. ***
*** Begin deletion cycle. (Sat Apr 04 11:53:52 2020) ***
*** End deletion cycle. ***
*** Begin deletion cycle. (Sat Apr 04 11:54:56 2020) ***
*** End deletion cycle. ***
*** Begin deletion cycle. (Sat Apr 04 11:56:00 2020) ***
*** End deletion cycle. ***
*** Begin deletion cycle. (Sat Apr 04 11:57:04 2020) ***
*** End deletion cycle. ***
*** Begin deletion cycle. (Sat Apr 04 12:18:24 2020) ***
*** End deletion cycle. ***
*** Begin deletion cycle. (Sat Apr 04 12:18:24 2020) ***
*** End deletion cycle. ***
*** Begin deletion cycle. (Sat Apr 04 12:23:44 2020) ***
*** End deletion cycle. ***
*** Begin deletion cycle. (Sat Apr 04 12:24:48 2020) ***
*** End deletion cycle. ***
*** Begin deletion cycle. (Sat Apr 04 12:26:56 2020) ***
*** End deletion cycle. ***
*** Begin deletion cycle. (Sat Apr 04 12:26:56 2020) ***
*** End deletion cycle. ***
*** Begin deletion cycle. (Sat Apr 04 12:39:44 2020) ***
*** End deletion cycle. ***
*** Begin deletion cycle. (Sat Apr 04 12:48:16 2020) ***
*** End deletion cycle. ***
*** Begin deletion cycle. (Sat Apr 04 12:49:20 2020) ***
*** End deletion cycle. ***
*** Begin deletion cycle. (Sat Apr 04 12:49:20 2020) ***
*** End deletion cycle. ***
*** Begin deletion cycle. (Sat Apr 04 12:51:28 2020) ***
*** End deletion cycle. ***
*** Begin deletion cycle. (Sat Apr 04 12:51:28 2020) ***
*** End deletion cycle. ***
*** Begin deletion cycle. (Sat Apr 04 12:51:28 2020) ***
*** End deletion cycle. ***
*** Begin deletion cycle. (Sat Apr 04 12:52:32 2020) ***
*** End deletion cycle. ***
*** Begin deletion cycle. (Sat Apr 04 12:53:36 2020) ***
*** End deletion cycle. ***
*** Begin deletion cycle. (Sat Apr 04 12:57:52 2020) ***
*** End deletion cycle. ***
*** Begin deletion cycle. (Sat Apr 04 13:09:36 2020) ***
*** End deletion cycle. ***
*** Begin deletion cycle. (Sat Apr 04 13:11:44 2020) ***
*** End deletion cycle. ***
*** Begin deletion cycle. (Sat Apr 04 13:13:52 2020) ***
*** End deletion cycle. ***
*** Begin deletion cycle. (Sat Apr 04 13:18:08 2020) ***
*** End deletion cycle. ***
*** Begin deletion cycle. (Sat Apr 04 13:30:56 2020) ***
*** End deletion cycle. ***
*** Begin deletion cycle. (Sat Apr 04 13:34:08 2020) ***
*** End deletion cycle. ***
*** Begin deletion cycle. (Sat Apr 04 13:35:12 2020) ***
*** End deletion cycle. ***
*** Begin deletion cycle. (Sat Apr 04 13:37:20 2020) ***
*** End deletion cycle. ***
*** Begin deletion cycle. (Sat Apr 04 13:44:48 2020) ***
*** End deletion cycle. ***
*** Begin deletion cycle. (Sat Apr 04 13:48:00 2020) ***
*** End deletion cycle. ***
*** Begin deletion cycle. (Sat Apr 04 13:48:00 2020) ***
*** End deletion cycle. ***
*** Begin deletion cycle. (Sat Apr 04 13:54:24 2020) ***
*** End deletion cycle. ***
*** Begin deletion cycle. (Sat Apr 04 13:55:28 2020) ***
*** End deletion cycle. ***
*** Begin deletion cycle. (Sat Apr 04 13:56:32 2020) ***
*** End deletion cycle. ***
*** Begin deletion cycle. (Sat Apr 04 13:57:36 2020) ***
*** End deletion cycle. ***
*** Begin deletion cycle. (Sat Apr 04 14:07:12 2020) ***
*** End deletion cycle. ***
*** Begin deletion cycle. (Sat Apr 04 14:09:20 2020) ***
*** End deletion cycle. ***
*** Begin deletion cycle. (Sat Apr 04 14:11:28 2020) ***
*** End deletion cycle. ***
*** Begin deletion cycle. (Sat Apr 04 14:11:28 2020) ***
*** End deletion cycle. ***
*** Begin deletion cycle. (Sat Apr 04 14:12:32 2020) ***
*** End deletion cycle. ***
*** Begin deletion cycle. (Sat Apr 04 14:13:36 2020) ***
*** End deletion cycle. ***
*** Begin deletion cycle. (Sat Apr 04 14:17:52 2020) ***
*** End deletion cycle. ***
*** Begin deletion cycle. (Sat Apr 04 14:20:00 2020) ***
*** End deletion cycle. ***
*** Begin deletion cycle. (Sat Apr 04 14:30:40 2020) ***
*** End deletion cycle. ***
*** Begin deletion cycle. (Sat Apr 04 14:30:40 2020) ***
*** End deletion cycle. ***
*** Begin deletion cycle. (Sat Apr 04 14:30:40 2020) ***
*** End deletion cycle. ***
*** Begin deletion cycle. (Sat Apr 04 14:32:48 2020) ***
*** End deletion cycle. ***
*** Begin deletion cycle. (Sat Apr 04 19:09:04 2020) ***
*** End deletion cycle. ***
*** Begin deletion cycle. (Sat Apr 04 19:22:56 2020) ***
*** End deletion cycle. ***
*** Begin deletion cycle. (Sat Apr 04 19:25:04 2020) ***
*** End deletion cycle. ***
*** Begin deletion cycle. (Sat Apr 04 19:27:12 2020) ***
*** End deletion cycle. ***
*** Begin deletion cycle. (Sat Apr 04 19:59:12 2020) ***
*** End deletion cycle. ***
*** Begin deletion cycle. (Sat Apr 04 20:02:24 2020) ***
*** End deletion cycle. ***
*** Begin deletion cycle. (Sat Apr 04 20:04:32 2020) ***
*** End deletion cycle. ***
*** Begin deletion cycle. (Sat Apr 04 20:05:36 2020) ***
*** End deletion cycle. ***
*** Begin deletion cycle. (Sat Apr 04 20:07:44 2020) ***
*** End deletion cycle. ***
*** Begin deletion cycle. (Sat Apr 04 20:09:52 2020) ***
*** End deletion cycle. ***
*** Begin deletion cycle. (Sat Apr 04 23:16:32 2020) ***
*** End deletion cycle. ***
*** Begin deletion cycle. (Sat Apr 04 23:18:40 2020) ***
*** End deletion cycle. ***
*** Begin deletion cycle. (Sat Apr 04 23:19:44 2020) ***
*** End deletion cycle. ***
*** Begin deletion cycle. (Sat Apr 04 23:53:52 2020) ***
*** End deletion cycle. ***
*** Begin deletion cycle. (Sun Apr 05 00:05:36 2020) ***
*** End deletion cycle. ***
*** Begin deletion cycle. (Sun Apr 05 12:04:32 2020) ***
*** End deletion cycle. ***
*** Begin deletion cycle. (Sun Apr 05 12:09:52 2020) ***
*** End deletion cycle. ***
*** Begin deletion cycle. (Sun Apr 05 12:34:24 2020) ***
*** End deletion cycle. ***
*** Begin deletion cycle. (Sun Apr 05 12:40:48 2020) ***
*** End deletion cycle. ***
*** Begin deletion cycle. (Sun Apr 05 12:42:56 2020) ***
*** End deletion cycle. ***
*** Begin deletion cycle. (Sun Apr 05 12:46:08 2020) ***
*** End deletion cycle. ***
*** Begin deletion cycle. (Sun Apr 05 12:47:12 2020) ***
*** End deletion cycle. ***
*** Begin deletion cycle. (Sun Apr 05 12:49:20 2020) ***
*** End deletion cycle. ***
*** Begin deletion cycle. (Sun Apr 05 12:49:20 2020) ***
*** End deletion cycle. ***
*** Begin deletion cycle. (Sun Apr 05 12:50:24 2020) ***
*** End deletion cycle. ***
*** Begin deletion cycle. (Sun Apr 05 12:50:24 2020) ***
*** End deletion cycle. ***
*** Begin deletion cycle. (Sun Apr 05 12:53:36 2020) ***
*** End deletion cycle. ***
*** Begin deletion cycle. (Sun Apr 05 12:54:40 2020) ***
*** End deletion cycle. ***
*** Begin deletion cycle. (Sun Apr 05 13:01:04 2020) ***
*** End deletion cycle. ***
*** Begin deletion cycle. (Sun Apr 05 13:03:12 2020) ***
*** End deletion cycle. ***
*** Begin deletion cycle. (Sun Apr 05 13:04:16 2020) ***
*** End deletion cycle. ***
*** Begin deletion cycle. (Sun Apr 05 13:07:28 2020) ***
*** End deletion cycle. ***
*** Begin deletion cycle. (Sun Apr 05 13:08:32 2020) ***
*** End deletion cycle. ***
*** Begin deletion cycle. (Sun Apr 05 13:09:36 2020) ***
*** End deletion cycle. ***
*** Begin deletion cycle. (Sun Apr 05 13:14:56 2020) ***
*** End deletion cycle. ***
*** Begin deletion cycle. (Sun Apr 05 13:21:20 2020) ***
*** End deletion cycle. ***
*** Begin deletion cycle. (Sun Apr 05 13:23:28 2020) ***
*** End deletion cycle. ***
*** Begin deletion cycle. (Sun Apr 05 13:26:40 2020) ***
*** End deletion cycle. ***
*** Begin deletion cycle. (Sun Apr 05 13:26:40 2020) ***
*** End deletion cycle. ***
*** Begin deletion cycle. (Sun Apr 05 13:30:56 2020) ***
*** End deletion cycle. ***
*** Begin deletion cycle. (Sun Apr 05 13:32:00 2020) ***
*** End deletion cycle. ***
*** Begin deletion cycle. (Sun Apr 05 13:33:04 2020) ***
*** End deletion cycle. ***
*** Begin deletion cycle. (Sun Apr 05 13:50:08 2020) ***
*** End deletion cycle. ***
*** Begin deletion cycle. (Sun Apr 05 13:52:16 2020) ***
*** End deletion cycle. ***
*** Begin deletion cycle. (Sun Apr 05 13:54:24 2020) ***
*** End deletion cycle. ***
*** Begin deletion cycle. (Sun Apr 05 13:56:32 2020) ***
*** End deletion cycle. ***
*** Begin deletion cycle. (Sun Apr 05 14:02:56 2020) ***
*** End deletion cycle. ***
*** Begin deletion cycle. (Sun Apr 05 14:16:48 2020) ***
*** End deletion cycle. ***
*** Begin deletion cycle. (Sun Apr 05 14:23:12 2020) ***
*** End deletion cycle. ***
*** Begin deletion cycle. (Sun Apr 05 14:28:32 2020) ***
*** End deletion cycle. ***
*** Begin deletion cycle. (Sun Apr 05 14:28:32 2020) ***
*** End deletion cycle. ***
*** Begin deletion cycle. (Sun Apr 05 14:29:36 2020) ***
*** End deletion cycle. ***
*** Begin deletion cycle. (Sun Apr 05 14:30:40 2020) ***
*** End deletion cycle. ***
*** Begin deletion cycle. (Sun Apr 05 14:31:44 2020) ***
*** End deletion cycle. ***
*** Begin deletion cycle. (Sun Apr 05 14:34:56 2020) ***
*** End deletion cycle. ***
*** Begin deletion cycle. (Sun Apr 05 14:37:04 2020) ***
*** End deletion cycle. ***
*** Begin deletion cycle. (Sun Apr 05 14:40:16 2020) ***
*** End deletion cycle. ***
*** Begin deletion cycle. (Sun Apr 05 14:40:16 2020) ***
*** End deletion cycle. ***
*** Begin deletion cycle. (Sun Apr 05 14:41:20 2020) ***
*** End deletion cycle. ***
*** Begin deletion cycle. (Sun Apr 05 14:44:32 2020) ***
*** End deletion cycle. ***
*** Begin deletion cycle. (Sun Apr 05 14:46:40 2020) ***
*** End deletion cycle. ***
*** Begin deletion cycle. (Sun Apr 05 14:47:44 2020) ***
*** End deletion cycle. ***
*** Begin deletion cycle. (Sun Apr 05 14:49:52 2020) ***
*** End deletion cycle. ***
*** Begin deletion cycle. (Sun Apr 05 14:55:12 2020) ***
*** End deletion cycle. ***
*** Begin deletion cycle. (Sun Apr 05 14:55:12 2020) ***
*** End deletion cycle. ***
*** Begin deletion cycle. (Sun Apr 05 14:59:28 2020) ***
*** End deletion cycle. ***
*** Begin deletion cycle. (Sun Apr 05 15:00:32 2020) ***
*** End deletion cycle. ***
*** Begin deletion cycle. (Sun Apr 05 15:01:36 2020) ***
*** End deletion cycle. ***
*** Begin deletion cycle. (Sun Apr 05 15:11:12 2020) ***
*** End deletion cycle. ***
*** Begin deletion cycle. (Sun Apr 05 15:11:12 2020) ***
*** End deletion cycle. ***
*** Begin deletion cycle. (Sun Apr 05 15:14:24 2020) ***
*** End deletion cycle. ***
*** Begin deletion cycle. (Sun Apr 05 15:15:28 2020) ***
*** End deletion cycle. ***
*** Begin deletion cycle. (Sun Apr 05 15:20:48 2020) ***
*** End deletion cycle. ***
*** Begin deletion cycle. (Sun Apr 05 15:22:56 2020) ***
*** End deletion cycle. ***
*** Begin deletion cycle. (Sun Apr 05 15:28:16 2020) ***
*** End deletion cycle. ***
*** Begin deletion cycle. (Sun Apr 05 15:29:20 2020) ***
*** End deletion cycle. ***
*** Begin deletion cycle. (Sun Apr 05 15:30:24 2020) ***
*** End deletion cycle. ***
*** Begin deletion cycle. (Sun Apr 05 15:31:28 2020) ***
*** End deletion cycle. ***
*** Begin deletion cycle. (Sun Apr 05 15:32:32 2020) ***
*** End deletion cycle. ***
*** Begin deletion cycle. (Sun Apr 05 15:35:44 2020) ***
*** End deletion cycle. ***
*** Begin deletion cycle. (Sun Apr 05 15:36:48 2020) ***
*** End deletion cycle. ***
*** Begin deletion cycle. (Sun Apr 05 15:37:52 2020) ***
*** End deletion cycle. ***
*** Begin deletion cycle. (Sun Apr 05 15:41:04 2020) ***
*** End deletion cycle. ***
*** Begin deletion cycle. (Sun Apr 05 15:43:12 2020) ***
*** End deletion cycle. ***
*** Begin deletion cycle. (Sun Apr 05 15:44:16 2020) ***
*** End deletion cycle. ***
*** Begin deletion cycle. (Sun Apr 05 15:46:24 2020) ***
*** End deletion cycle. ***
*** Begin deletion cycle. (Sun Apr 05 15:48:32 2020) ***
*** End deletion cycle. ***
*** Begin deletion cycle. (Sun Apr 05 15:49:36 2020) ***
*** End deletion cycle. ***
*** Begin deletion cycle. (Sun Apr 05 15:52:48 2020) ***
*** End deletion cycle. ***
*** Begin deletion cycle. (Sun Apr 05 15:53:52 2020) ***
*** End deletion cycle. ***
*** Begin deletion cycle. (Sun Apr 05 15:53:52 2020) ***
*** End deletion cycle. ***
*** Begin deletion cycle. (Sun Apr 05 15:54:56 2020) ***
*** End deletion cycle. ***
*** Begin deletion cycle. (Sun Apr 05 15:56:00 2020) ***
*** End deletion cycle. ***
*** Begin deletion cycle. (Sun Apr 05 15:57:04 2020) ***
*** End deletion cycle. ***
*** Begin deletion cycle. (Sun Apr 05 16:00:16 2020) ***
*** End deletion cycle. ***
*** Begin deletion cycle. (Sun Apr 05 16:01:20 2020) ***
*** End deletion cycle. ***
*** Begin deletion cycle. (Sun Apr 05 16:01:20 2020) ***
*** End deletion cycle. ***
*** Begin deletion cycle. (Sun Apr 05 16:04:32 2020) ***
*** End deletion cycle. ***
*** Begin deletion cycle. (Sun Apr 05 16:05:36 2020) ***
*** End deletion cycle. ***
*** Begin deletion cycle. (Sun Apr 05 16:06:40 2020) ***
*** End deletion cycle. ***
*** Begin deletion cycle. (Sun Apr 05 16:06:40 2020) ***
*** End deletion cycle. ***
*** Begin deletion cycle. (Sun Apr 05 16:07:44 2020) ***
*** End deletion cycle. ***
*** Begin deletion cycle. (Sun Apr 05 16:09:52 2020) ***
*** End deletion cycle. ***
*** Begin deletion cycle. (Sun Apr 05 16:10:56 2020) ***
*** End deletion cycle. ***
*** Begin deletion cycle. (Sun Apr 05 16:10:56 2020) ***
*** End deletion cycle. ***
*** Begin deletion cycle. (Sun Apr 05 16:14:08 2020) ***
*** End deletion cycle. ***
*** Begin deletion cycle. (Sun Apr 05 16:23:44 2020) ***
*** End deletion cycle. ***
*** Begin deletion cycle. (Sun Apr 05 16:23:44 2020) ***
*** End deletion cycle. ***
*** Begin deletion cycle. (Sun Apr 05 16:25:52 2020) ***
*** End deletion cycle. ***
*** Begin deletion cycle. (Sun Apr 05 16:28:00 2020) ***
*** End deletion cycle. ***
*** Begin deletion cycle. (Sun Apr 05 16:30:08 2020) ***
*** End deletion cycle. ***
*** Begin deletion cycle. (Sun Apr 05 16:31:12 2020) ***
*** End deletion cycle. ***
*** Begin deletion cycle. (Sun Apr 05 16:47:12 2020) ***
*** End deletion cycle. ***
*** Begin deletion cycle. (Sun Apr 05 17:13:52 2020) ***
*** End deletion cycle. ***
*** Begin deletion cycle. (Sun Apr 05 17:14:56 2020) ***
*** End deletion cycle. ***
*** Begin deletion cycle. (Sun Apr 05 17:16:00 2020) ***
*** End deletion cycle. ***
*** Begin deletion cycle. (Sun Apr 05 17:23:28 2020) ***
*** End deletion cycle. ***
*** Begin deletion cycle. (Sun Apr 05 17:23:28 2020) ***
*** End deletion cycle. ***
*** Begin deletion cycle. (Sun Apr 05 17:25:36 2020) ***
*** End deletion cycle. ***
*** Begin deletion cycle. (Sun Apr 05 17:32:00 2020) ***
*** End deletion cycle. ***
*** Begin deletion cycle. (Sun Apr 05 17:32:00 2020) ***
*** End deletion cycle. ***
*** Begin deletion cycle. (Sun Apr 05 18:23:12 2020) ***
*** End deletion cycle. ***
*** Begin deletion cycle. (Sun Apr 05 18:28:32 2020) ***
*** End deletion cycle. ***
*** Begin deletion cycle. (Sun Apr 05 18:29:36 2020) ***
*** End deletion cycle. ***
*** Begin deletion cycle. (Sun Apr 05 18:32:48 2020) ***
*** End deletion cycle. ***
*** Begin deletion cycle. (Sun Apr 05 18:37:04 2020) ***
*** End deletion cycle. ***
*** Begin deletion cycle. (Sun Apr 05 18:37:04 2020) ***
*** End deletion cycle. ***
*** Begin deletion cycle. (Sun Apr 05 19:14:24 2020) ***
*** End deletion cycle. ***
*** Begin deletion cycle. (Sun Apr 05 19:22:56 2020) ***
*** End deletion cycle. ***
*** Begin deletion cycle. (Sun Apr 05 19:50:40 2020) ***
*** End deletion cycle. ***
*** Begin deletion cycle. (Sun Apr 05 19:57:04 2020) ***
*** End deletion cycle. ***
*** Begin deletion cycle. (Sun Apr 05 20:00:16 2020) ***
*** End deletion cycle. ***
*** Begin deletion cycle. (Sun Apr 05 20:05:36 2020) ***
*** End deletion cycle. ***
*** Begin deletion cycle. (Sun Apr 05 20:09:52 2020) ***
*** End deletion cycle. ***
*** Begin deletion cycle. (Sun Apr 05 21:14:56 2020) ***
*** End deletion cycle. ***
*** Begin deletion cycle. (Sun Apr 05 21:26:40 2020) ***
*** End deletion cycle. ***
*** Begin deletion cycle. (Sun Apr 05 21:26:40 2020) ***
*** End deletion cycle. ***
*** Begin deletion cycle. (Sun Apr 05 21:35:12 2020) ***
*** End deletion cycle. ***
*** Begin deletion cycle. (Sun Apr 05 21:36:16 2020) ***
*** End deletion cycle. ***
*** Begin deletion cycle. (Sun Apr 05 21:46:56 2020) ***
*** End deletion cycle. ***
*** Begin deletion cycle. (Sun Apr 05 21:55:28 2020) ***
*** End deletion cycle. ***
*** Begin deletion cycle. (Sun Apr 05 22:54:08 2020) ***
*** End deletion cycle. ***
*** Begin deletion cycle. (Sun Apr 05 23:05:52 2020) ***
*** End deletion cycle. ***
*** Begin deletion cycle. (Sun Apr 05 23:06:56 2020) ***
*** End deletion cycle. ***
*** Begin deletion cycle. (Sun Apr 05 23:08:00 2020) ***
*** End deletion cycle. ***
*** Begin deletion cycle. (Sun Apr 05 23:09:04 2020) ***
*** End deletion cycle. ***
*** Begin deletion cycle. (Sun Apr 05 23:10:08 2020) ***
*** End deletion cycle. ***
*** Begin deletion cycle. (Sun Apr 05 23:12:16 2020) ***
*** End deletion cycle. ***
*** Begin deletion cycle. (Sun Apr 05 23:12:03 2020) ***
*** End deletion cycle. ***
*** Begin deletion cycle. (Sun Apr 05 23:13:20 2020) ***
*** End deletion cycle. ***
*** Begin deletion cycle. (Sun Apr 05 23:14:24 2020) ***
*** End deletion cycle. ***
*** Begin deletion cycle. (Mon Apr 06 00:04:32 2020) ***
*** End deletion cycle. ***
*** Begin deletion cycle. (Mon Apr 06 00:06:40 2020) ***
*** End deletion cycle. ***
*** Begin deletion cycle. (Mon Apr 06 20:03:28 2020) ***
*** End deletion cycle. ***
*** Begin deletion cycle. (Mon Apr 06 20:05:36 2020) ***
*** End deletion cycle. ***
*** Begin deletion cycle. (Mon Apr 06 20:12:00 2020) ***
*** End deletion cycle. ***
*** Begin deletion cycle. (Mon Apr 06 20:29:04 2020) ***
*** End deletion cycle. ***
*** Begin deletion cycle. (Mon Apr 06 20:30:08 2020) ***
*** End deletion cycle. ***
*** Begin deletion cycle. (Mon Apr 06 20:31:12 2020) ***
*** End deletion cycle. ***
*** Begin deletion cycle. (Mon Apr 06 20:33:20 2020) ***
*** End deletion cycle. ***
*** Begin deletion cycle. (Mon Apr 06 20:42:56 2020) ***
*** End deletion cycle. ***
*** Begin deletion cycle. (Mon Apr 06 20:46:08 2020) ***
*** End deletion cycle. ***
*** Begin deletion cycle. (Mon Apr 06 20:49:20 2020) ***
*** End deletion cycle. ***
*** Begin deletion cycle. (Mon Apr 06 20:50:24 2020) ***
*** End deletion cycle. ***
*** Begin deletion cycle. (Mon Apr 06 20:53:36 2020) ***
*** End deletion cycle. ***
*** Begin deletion cycle. (Mon Apr 06 20:55:44 2020) ***
*** End deletion cycle. ***
*** Begin deletion cycle. (Mon Apr 06 21:02:08 2020) ***
*** End deletion cycle. ***
*** Begin deletion cycle. (Mon Apr 06 21:03:12 2020) ***
*** End deletion cycle. ***
*** Begin deletion cycle. (Mon Apr 06 21:05:20 2020) ***
*** End deletion cycle. ***
*** Begin deletion cycle. (Mon Apr 06 21:07:28 2020) ***
*** End deletion cycle. ***
*** Begin deletion cycle. (Mon Apr 06 21:09:36 2020) ***
*** End deletion cycle. ***
*** Begin deletion cycle. (Mon Apr 06 21:20:16 2020) ***
*** End deletion cycle. ***
*** Begin deletion cycle. (Mon Apr 06 21:21:20 2020) ***
*** End deletion cycle. ***
*** Begin deletion cycle. (Mon Apr 06 21:30:56 2020) ***
*** End deletion cycle. ***
*** Begin deletion cycle. (Mon Apr 06 22:33:52 2020) ***
*** End deletion cycle. ***
*** Begin deletion cycle. (Mon Apr 06 22:36:00 2020) ***
*** End deletion cycle. ***
*** Begin deletion cycle. (Mon Apr 06 22:40:03 2020) ***
*** End deletion cycle. ***
*** Begin deletion cycle. (Mon Apr 06 22:45:36 2020) ***
*** End deletion cycle. ***
*** Begin deletion cycle. (Mon Apr 06 22:54:33 2020) ***
*** End deletion cycle. ***
*** Begin deletion cycle. (Mon Apr 06 22:57:07 2020) ***
*** End deletion cycle. ***
*** Begin deletion cycle. (Mon Apr 06 23:15:28 2020) ***
*** End deletion cycle. ***
*** Begin deletion cycle. (Mon Apr 06 23:20:48 2020) ***
*** End deletion cycle. ***
*** Begin deletion cycle. (Tue Apr 07 09:46:56 2020) ***
*** End deletion cycle. ***
*** Begin deletion cycle. (Tue Apr 07 09:46:56 2020) ***
*** End deletion cycle. ***
*** Begin deletion cycle. (Tue Apr 07 09:52:16 2020) ***
*** End deletion cycle. ***
*** Begin deletion cycle. (Tue Apr 07 13:49:04 2020) ***
*** End deletion cycle. ***
*** Begin deletion cycle. (Tue Apr 07 15:16:32 2020) ***
*** End deletion cycle. ***
*** Begin deletion cycle. (Tue Apr 07 15:19:44 2020) ***
*** End deletion cycle. ***
*** Begin deletion cycle. (Tue Apr 07 15:20:48 2020) ***
*** End deletion cycle. ***
*** Begin deletion cycle. (Tue Apr 07 15:22:56 2020) ***
*** End deletion cycle. ***
*** Begin deletion cycle. (Tue Apr 07 15:24:00 2020) ***
*** End deletion cycle. ***
*** Begin deletion cycle. (Tue Apr 07 20:14:08 2020) ***
*** End deletion cycle. ***
*** Begin deletion cycle. (Tue Apr 07 20:15:12 2020) ***
*** End deletion cycle. ***
*** Begin deletion cycle. (Tue Apr 07 20:17:20 2020) ***
*** End deletion cycle. ***
*** Begin deletion cycle. (Tue Apr 07 21:13:52 2020) ***
*** End deletion cycle. ***
*** Begin deletion cycle. (Tue Apr 07 21:20:16 2020) ***
*** End deletion cycle. ***
*** Begin deletion cycle. (Tue Apr 07 21:24:32 2020) ***
*** End deletion cycle. ***
*** Begin deletion cycle. (Tue Apr 07 21:26:40 2020) ***
*** End deletion cycle. ***
*** Begin deletion cycle. (Tue Apr 07 21:26:40 2020) ***
*** End deletion cycle. ***
*** Begin deletion cycle. (Tue Apr 07 21:28:48 2020) ***
*** End deletion cycle. ***
*** Begin deletion cycle. (Tue Apr 07 21:49:04 2020) ***
*** End deletion cycle. ***
*** Begin deletion cycle. (Tue Apr 07 21:50:08 2020) ***
*** End deletion cycle. ***
*** Begin deletion cycle. (Tue Apr 07 21:51:12 2020) ***
*** End deletion cycle. ***
*** Begin deletion cycle. (Tue Apr 07 21:56:32 2020) ***
*** End deletion cycle. ***
*** Begin deletion cycle. (Wed Apr 08 23:32:32 2020) ***
*** End deletion cycle. ***
*** Begin deletion cycle. (Wed Apr 08 23:41:04 2020) ***
*** End deletion cycle. ***
*** Begin deletion cycle. (Wed Apr 08 23:44:16 2020) ***
*** End deletion cycle. ***
*** Begin deletion cycle. (Wed Apr 08 23:47:28 2020) ***
*** End deletion cycle. ***
*** Begin deletion cycle. (Wed Apr 08 23:48:32 2020) ***
*** End deletion cycle. ***
*** Begin deletion cycle. (Thu Apr 09 11:24:00 2020) ***
*** End deletion cycle. ***
*** Begin deletion cycle. (Thu Apr 09 11:25:04 2020) ***
*** End deletion cycle. ***
*** Begin deletion cycle. (Thu Apr 09 11:26:08 2020) ***
*** End deletion cycle. ***
*** Begin deletion cycle. (Thu Apr 09 11:28:16 2020) ***
*** End deletion cycle. ***
*** Begin deletion cycle. (Thu Apr 09 11:30:24 2020) ***
*** End deletion cycle. ***
*** Begin deletion cycle. (Thu Apr 09 11:33:36 2020) ***
*** End deletion cycle. ***
*** Begin deletion cycle. (Thu Apr 09 11:35:44 2020) ***
*** End deletion cycle. ***
*** Begin deletion cycle. (Thu Apr 09 11:37:52 2020) ***
*** End deletion cycle. ***
*** Begin deletion cycle. (Thu Apr 09 11:38:56 2020) ***
*** End deletion cycle. ***
*** Begin deletion cycle. (Thu Apr 09 11:40:00 2020) ***
*** End deletion cycle. ***
*** Begin deletion cycle. (Thu Apr 09 11:42:08 2020) ***
*** End deletion cycle. ***
*** Begin deletion cycle. (Thu Apr 09 11:45:20 2020) ***
*** End deletion cycle. ***
*** Begin deletion cycle. (Thu Apr 09 11:47:28 2020) ***
*** End deletion cycle. ***
*** Begin deletion cycle. (Thu Apr 09 11:50:40 2020) ***
*** End deletion cycle. ***
*** Begin deletion cycle. (Thu Apr 09 12:44:00 2020) ***
*** End deletion cycle. ***
*** Begin deletion cycle. (Thu Apr 09 12:46:08 2020) ***
*** End deletion cycle. ***
*** Begin deletion cycle. (Thu Apr 09 13:05:20 2020) ***
*** End deletion cycle. ***
*** Begin deletion cycle. (Thu Apr 09 13:06:24 2020) ***
*** End deletion cycle. ***
*** Begin deletion cycle. (Thu Apr 09 13:07:28 2020) ***
*** End deletion cycle. ***
*** Begin deletion cycle. (Thu Apr 09 13:08:32 2020) ***
*** End deletion cycle. ***
*** Begin deletion cycle. (Thu Apr 09 13:10:40 2020) ***
*** End deletion cycle. ***
*** Begin deletion cycle. (Thu Apr 09 13:12:48 2020) ***
*** End deletion cycle. ***
*** Begin deletion cycle. (Thu Apr 09 13:14:56 2020) ***
*** End deletion cycle. ***
*** Begin deletion cycle. (Thu Apr 09 13:16:00 2020) ***
*** End deletion cycle. ***
*** Begin deletion cycle. (Thu Apr 09 13:19:12 2020) ***
*** End deletion cycle. ***
*** Begin deletion cycle. (Thu Apr 09 13:20:16 2020) ***
*** End deletion cycle. ***
*** Begin deletion cycle. (Thu Apr 09 13:23:28 2020) ***
*** End deletion cycle. ***
*** Begin deletion cycle. (Thu Apr 09 16:36:32 2020) ***
*** End deletion cycle. ***
*** Begin deletion cycle. (Thu Apr 09 16:36:32 2020) ***
*** End deletion cycle. ***
*** Begin deletion cycle. (Thu Apr 09 16:39:44 2020) ***
*** End deletion cycle. ***
*** Begin deletion cycle. (Thu Apr 09 16:40:48 2020) ***
*** End deletion cycle. ***
*** Begin deletion cycle. (Thu Apr 09 16:42:56 2020) ***
*** End deletion cycle. ***
*** Begin deletion cycle. (Thu Apr 09 16:46:08 2020) ***
*** End deletion cycle. ***
*** Begin deletion cycle. (Thu Apr 09 16:49:20 2020) ***
*** End deletion cycle. ***
*** Begin deletion cycle. (Thu Apr 09 16:50:24 2020) ***
*** End deletion cycle. ***
*** Begin deletion cycle. (Thu Apr 09 16:52:32 2020) ***
*** End deletion cycle. ***
*** Begin deletion cycle. (Thu Apr 09 16:55:44 2020) ***
*** End deletion cycle. ***
*** Begin deletion cycle. (Thu Apr 09 16:57:52 2020) ***
*** End deletion cycle. ***
*** Begin deletion cycle. (Thu Apr 09 17:02:08 2020) ***
*** End deletion cycle. ***
*** Begin deletion cycle. (Thu Apr 09 17:02:08 2020) ***
*** End deletion cycle. ***
*** Begin deletion cycle. (Thu Apr 09 17:03:12 2020) ***
*** End deletion cycle. ***
*** Begin deletion cycle. (Thu Apr 09 17:10:40 2020) ***
*** End deletion cycle. ***
*** Begin deletion cycle. (Thu Apr 09 17:19:12 2020) ***
*** End deletion cycle. ***
*** Begin deletion cycle. (Thu Apr 09 17:19:12 2020) ***
*** End deletion cycle. ***
*** Begin deletion cycle. (Thu Apr 09 17:25:36 2020) ***
*** End deletion cycle. ***
*** Begin deletion cycle. (Thu Apr 09 17:34:08 2020) ***
*** End deletion cycle. ***
*** Begin deletion cycle. (Thu Apr 09 17:37:20 2020) ***
*** End deletion cycle. ***
*** Begin deletion cycle. (Thu Apr 09 17:38:24 2020) ***
*** End deletion cycle. ***
*** Begin deletion cycle. (Thu Apr 09 17:40:32 2020) ***
*** End deletion cycle. ***
*** Begin deletion cycle. (Thu Apr 09 17:40:32 2020) ***
*** End deletion cycle. ***
*** Begin deletion cycle. (Thu Apr 09 17:41:36 2020) ***
*** End deletion cycle. ***
*** Begin deletion cycle. (Thu Apr 09 17:42:40 2020) ***
*** End deletion cycle. ***
*** Begin deletion cycle. (Thu Apr 09 17:44:48 2020) ***
*** End deletion cycle. ***
*** Begin deletion cycle. (Thu Apr 09 17:49:04 2020) ***
*** End deletion cycle. ***
*** Begin deletion cycle. (Thu Apr 09 17:51:12 2020) ***
*** End deletion cycle. ***
*** Begin deletion cycle. (Thu Apr 09 17:53:20 2020) ***
*** End deletion cycle. ***
*** Begin deletion cycle. (Thu Apr 09 17:54:24 2020) ***
*** End deletion cycle. ***
*** Begin deletion cycle. (Thu Apr 09 18:01:52 2020) ***
*** End deletion cycle. ***
*** Begin deletion cycle. (Thu Apr 09 18:07:12 2020) ***
*** End deletion cycle. ***
*** Begin deletion cycle. (Thu Apr 09 18:10:24 2020) ***
*** End deletion cycle. ***
*** Begin deletion cycle. (Thu Apr 09 18:10:24 2020) ***
*** End deletion cycle. ***
*** Begin deletion cycle. (Thu Apr 09 18:15:44 2020) ***
*** End deletion cycle. ***
*** Begin deletion cycle. (Thu Apr 09 18:18:56 2020) ***
*** End deletion cycle. ***
*** Begin deletion cycle. (Thu Apr 09 18:36:00 2020) ***
*** End deletion cycle. ***
*** Begin deletion cycle. (Thu Apr 09 18:36:00 2020) ***
*** End deletion cycle. ***
*** Begin deletion cycle. (Thu Apr 09 18:38:08 2020) ***
*** End deletion cycle. ***
*** Begin deletion cycle. (Thu Apr 09 18:40:16 2020) ***
*** End deletion cycle. ***
*** Begin deletion cycle. (Thu Apr 09 18:40:16 2020) ***
*** End deletion cycle. ***
*** Begin deletion cycle. (Thu Apr 09 18:43:28 2020) ***
*** End deletion cycle. ***
*** Begin deletion cycle. (Thu Apr 09 18:45:36 2020) ***
*** End deletion cycle. ***
*** Begin deletion cycle. (Thu Apr 09 19:05:52 2020) ***
*** End deletion cycle. ***
*** Begin deletion cycle. (Thu Apr 09 19:08:00 2020) ***
*** End deletion cycle. ***
*** Begin deletion cycle. (Thu Apr 09 19:10:08 2020) ***
*** End deletion cycle. ***
*** Begin deletion cycle. (Thu Apr 09 19:13:20 2020) ***
*** End deletion cycle. ***
*** Begin deletion cycle. (Thu Apr 09 19:15:28 2020) ***
*** End deletion cycle. ***
*** Begin deletion cycle. (Thu Apr 09 19:19:44 2020) ***
*** End deletion cycle. ***
*** Begin deletion cycle. (Thu Apr 09 19:24:00 2020) ***
*** End deletion cycle. ***
*** Begin deletion cycle. (Thu Apr 09 19:26:08 2020) ***
*** End deletion cycle. ***
*** Begin deletion cycle. (Thu Apr 09 19:27:12 2020) ***
*** End deletion cycle. ***
*** Begin deletion cycle. (Thu Apr 09 19:32:32 2020) ***
*** End deletion cycle. ***
*** Begin deletion cycle. (Thu Apr 09 19:33:36 2020) ***
*** End deletion cycle. ***
*** Begin deletion cycle. (Thu Apr 09 19:34:40 2020) ***
*** End deletion cycle. ***
*** Begin deletion cycle. (Thu Apr 09 19:36:48 2020) ***
*** End deletion cycle. ***
*** Begin deletion cycle. (Thu Apr 09 19:40:00 2020) ***
*** End deletion cycle. ***
*** Begin deletion cycle. (Thu Apr 09 19:43:12 2020) ***
*** End deletion cycle. ***
*** Begin deletion cycle. (Thu Apr 09 19:45:20 2020) ***
*** End deletion cycle. ***
*** Begin deletion cycle. (Thu Apr 09 19:46:24 2020) ***
*** End deletion cycle. ***
*** Begin deletion cycle. (Thu Apr 09 19:48:32 2020) ***
*** End deletion cycle. ***
*** Begin deletion cycle. (Thu Apr 09 19:49:36 2020) ***
*** End deletion cycle. ***
*** Begin deletion cycle. (Thu Apr 09 19:51:44 2020) ***
*** End deletion cycle. ***
*** Begin deletion cycle. (Thu Apr 09 19:53:52 2020) ***
*** End deletion cycle. ***
*** Begin deletion cycle. (Thu Apr 09 19:57:04 2020) ***
*** End deletion cycle. ***
*** Begin deletion cycle. (Thu Apr 09 20:01:20 2020) ***
*** End deletion cycle. ***
*** Begin deletion cycle. (Thu Apr 09 20:04:32 2020) ***
*** End deletion cycle. ***
*** Begin deletion cycle. (Thu Apr 09 22:05:04 2020) ***
*** End deletion cycle. ***
*** Begin deletion cycle. (Thu Apr 09 22:09:20 2020) ***
*** End deletion cycle. ***
*** Begin deletion cycle. (Thu Apr 09 22:11:28 2020) ***
*** End deletion cycle. ***
*** Begin deletion cycle. (Thu Apr 09 22:13:36 2020) ***
*** End deletion cycle. ***
*** Begin deletion cycle. (Thu Apr 09 22:14:40 2020) ***
*** End deletion cycle. ***
*** Begin deletion cycle. (Thu Apr 09 22:17:52 2020) ***
*** End deletion cycle. ***
*** Begin deletion cycle. (Thu Apr 09 22:22:08 2020) ***
*** End deletion cycle. ***
*** Begin deletion cycle. (Thu Apr 09 22:26:24 2020) ***
*** End deletion cycle. ***
*** Begin deletion cycle. (Thu Apr 09 22:26:24 2020) ***
*** End deletion cycle. ***
*** Begin deletion cycle. (Thu Apr 09 22:28:32 2020) ***
*** End deletion cycle. ***
*** Begin deletion cycle. (Thu Apr 09 22:38:08 2020) ***
*** End deletion cycle. ***
*** Begin deletion cycle. (Thu Apr 09 22:39:12 2020) ***
*** End deletion cycle. ***
*** Begin deletion cycle. (Thu Apr 09 22:40:16 2020) ***
*** End deletion cycle. ***
*** Begin deletion cycle. (Thu Apr 09 22:42:24 2020) ***
*** End deletion cycle. ***
*** Begin deletion cycle. (Thu Apr 09 22:44:32 2020) ***
*** End deletion cycle. ***
*** Begin deletion cycle. (Thu Apr 09 23:05:52 2020) ***
*** End deletion cycle. ***
*** Begin deletion cycle. (Thu Apr 09 23:06:56 2020) ***
*** End deletion cycle. ***
*** Begin deletion cycle. (Fri Apr 10 09:26:40 2020) ***
*** End deletion cycle. ***
*** Begin deletion cycle. (Fri Apr 10 10:40:16 2020) ***
*** End deletion cycle. ***
*** Begin deletion cycle. (Fri Apr 10 10:46:40 2020) ***
*** End deletion cycle. ***
*** Begin deletion cycle. (Fri Apr 10 10:58:24 2020) ***
*** End deletion cycle. ***
*** Begin deletion cycle. (Fri Apr 10 10:59:28 2020) ***
*** End deletion cycle. ***
*** Begin deletion cycle. (Fri Apr 10 11:00:32 2020) ***
*** End deletion cycle. ***
*** Begin deletion cycle. (Fri Apr 10 14:38:08 2020) ***
*** End deletion cycle. ***
*** Begin deletion cycle. (Fri Apr 10 14:38:08 2020) ***
*** End deletion cycle. ***
*** Begin deletion cycle. (Fri Apr 10 14:45:36 2020) ***
*** End deletion cycle. ***
*** Begin deletion cycle. (Fri Apr 10 14:46:40 2020) ***
*** End deletion cycle. ***
*** Begin deletion cycle. (Fri Apr 10 16:24:48 2020) ***
*** End deletion cycle. ***
*** Begin deletion cycle. (Fri Apr 10 17:03:12 2020) ***
*** End deletion cycle. ***
*** Begin deletion cycle. (Fri Apr 10 17:04:16 2020) ***
*** End deletion cycle. ***
*** Begin deletion cycle. (Fri Apr 10 17:04:16 2020) ***
*** End deletion cycle. ***
*** Begin deletion cycle. (Fri Apr 10 17:05:20 2020) ***
*** End deletion cycle. ***
*** Begin deletion cycle. (Fri Apr 10 17:06:24 2020) ***
*** End deletion cycle. ***
*** Begin deletion cycle. (Fri Apr 10 17:07:28 2020) ***
*** End deletion cycle. ***
*** Begin deletion cycle. (Fri Apr 10 17:08:32 2020) ***
*** End deletion cycle. ***
*** Begin deletion cycle. (Fri Apr 10 17:10:40 2020) ***
*** End deletion cycle. ***
*** Begin deletion cycle. (Fri Apr 10 17:14:56 2020) ***
*** End deletion cycle. ***
*** Begin deletion cycle. (Fri Apr 10 17:19:12 2020) ***
*** End deletion cycle. ***
*** Begin deletion cycle. (Fri Apr 10 17:20:16 2020) ***
*** End deletion cycle. ***
*** Begin deletion cycle. (Fri Apr 10 17:23:28 2020) ***
*** End deletion cycle. ***
*** Begin deletion cycle. (Fri Apr 10 17:25:36 2020) ***
*** End deletion cycle. ***
*** Begin deletion cycle. (Fri Apr 10 17:27:44 2020) ***
*** End deletion cycle. ***
*** Begin deletion cycle. (Fri Apr 10 17:36:16 2020) ***
*** End deletion cycle. ***
*** Begin deletion cycle. (Fri Apr 10 17:39:28 2020) ***
*** End deletion cycle. ***
*** Begin deletion cycle. (Fri Apr 10 17:40:32 2020) ***
*** End deletion cycle. ***
*** Begin deletion cycle. (Fri Apr 10 17:42:40 2020) ***
*** End deletion cycle. ***
*** Begin deletion cycle. (Fri Apr 10 17:42:40 2020) ***
*** End deletion cycle. ***
*** Begin deletion cycle. (Fri Apr 10 17:44:48 2020) ***
*** End deletion cycle. ***
*** Begin deletion cycle. (Fri Apr 10 17:44:48 2020) ***
*** End deletion cycle. ***
*** Begin deletion cycle. (Fri Apr 10 17:46:56 2020) ***
*** End deletion cycle. ***
*** Begin deletion cycle. (Fri Apr 10 17:49:04 2020) ***
*** End deletion cycle. ***
*** Begin deletion cycle. (Fri Apr 10 17:56:32 2020) ***
*** End deletion cycle. ***
*** Begin deletion cycle. (Fri Apr 10 17:57:36 2020) ***
*** End deletion cycle. ***
*** Begin deletion cycle. (Fri Apr 10 17:59:44 2020) ***
*** End deletion cycle. ***
*** Begin deletion cycle. (Fri Apr 10 18:00:48 2020) ***
*** End deletion cycle. ***
*** Begin deletion cycle. (Fri Apr 10 18:20:00 2020) ***
*** End deletion cycle. ***
*** Begin deletion cycle. (Fri Apr 10 18:21:04 2020) ***
*** End deletion cycle. ***
*** Begin deletion cycle. (Fri Apr 10 18:22:08 2020) ***
*** End deletion cycle. ***
*** Begin deletion cycle. (Fri Apr 10 18:23:12 2020) ***
*** End deletion cycle. ***
*** Begin deletion cycle. (Fri Apr 10 18:24:16 2020) ***
*** End deletion cycle. ***
*** Begin deletion cycle. (Fri Apr 10 18:26:24 2020) ***
*** End deletion cycle. ***
*** Begin deletion cycle. (Fri Apr 10 18:36:00 2020) ***
*** End deletion cycle. ***
*** Begin deletion cycle. (Fri Apr 10 18:38:08 2020) ***
*** End deletion cycle. ***
*** Begin deletion cycle. (Fri Apr 10 18:39:12 2020) ***
*** End deletion cycle. ***
*** Begin deletion cycle. (Fri Apr 10 18:41:20 2020) ***
*** End deletion cycle. ***
*** Begin deletion cycle. (Fri Apr 10 18:41:20 2020) ***
*** End deletion cycle. ***
*** Begin deletion cycle. (Fri Apr 10 18:45:36 2020) ***
*** End deletion cycle. ***
*** Begin deletion cycle. (Fri Apr 10 18:52:00 2020) ***
*** End deletion cycle. ***
*** Begin deletion cycle. (Fri Apr 10 18:53:04 2020) ***
*** End deletion cycle. ***
*** Begin deletion cycle. (Fri Apr 10 18:59:28 2020) ***
*** End deletion cycle. ***
*** Begin deletion cycle. (Fri Apr 10 19:00:32 2020) ***
*** End deletion cycle. ***
*** Begin deletion cycle. (Fri Apr 10 19:01:36 2020) ***
*** End deletion cycle. ***
*** Begin deletion cycle. (Fri Apr 10 19:12:16 2020) ***
*** End deletion cycle. ***
*** Begin deletion cycle. (Fri Apr 10 19:34:40 2020) ***
*** End deletion cycle. ***
*** Begin deletion cycle. (Fri Apr 10 19:36:48 2020) ***
*** End deletion cycle. ***
*** Begin deletion cycle. (Fri Apr 10 19:37:52 2020) ***
*** End deletion cycle. ***
*** Begin deletion cycle. (Fri Apr 10 19:40:00 2020) ***
*** End deletion cycle. ***
*** Begin deletion cycle. (Fri Apr 10 19:46:24 2020) ***
*** End deletion cycle. ***
*** Begin deletion cycle. (Fri Apr 10 21:25:36 2020) ***
*** End deletion cycle. ***
*** Begin deletion cycle. (Fri Apr 10 21:33:04 2020) ***
*** End deletion cycle. ***
*** Begin deletion cycle. (Sat Apr 11 11:24:00 2020) ***
*** End deletion cycle. ***
*** Begin deletion cycle. (Sat Apr 11 11:29:20 2020) ***
*** End deletion cycle. ***
*** Begin deletion cycle. (Sun Apr 12 11:43:12 2020) ***
*** End deletion cycle. ***
*** Begin deletion cycle. (Sun Apr 12 11:45:20 2020) ***
*** End deletion cycle. ***
*** Begin deletion cycle. (Sun Apr 12 11:56:00 2020) ***
*** End deletion cycle. ***
*** Begin deletion cycle. (Sun Apr 12 12:00:16 2020) ***
*** End deletion cycle. ***
*** Begin deletion cycle. (Sun Apr 12 12:10:56 2020) ***
*** End deletion cycle. ***
*** Begin deletion cycle. (Sun Apr 12 12:13:04 2020) ***
*** End deletion cycle. ***
*** Begin deletion cycle. (Sun Apr 12 20:25:52 2020) ***
*** End deletion cycle. ***
*** Begin deletion cycle. (Sun Apr 12 20:29:04 2020) ***
*** End deletion cycle. ***
